<?xml version="1.0" encoding="UTF-8"?>
<coverage generated="1762406259381" clover="3.2.0">
  <project timestamp="1762406259382" name="All files">
    <metrics statements="67" coveredstatements="67" conditionals="70" coveredconditionals="70" methods="3" coveredmethods="3" elements="140" coveredelements="140" complexity="0" loc="67" ncloc="67" packages="1" files="2" classes="2"/>
    <file name="vailidation.js" path="D:\Web\KiemThuPhanMem\Ktpm\Software-Testing\frontend\src\tests\vailidation.js">
      <metrics statements="25" coveredstatements="25" conditionals="22" coveredconditionals="22" methods="2" coveredmethods="2"/>
      <line num="11" count="1" type="stmt"/>
      <line num="13" count="18" type="cond" truecount="4" falsecount="0"/>
      <line num="14" count="3" type="stmt"/>
      <line num="20" count="15" type="cond" truecount="2" falsecount="0"/>
      <line num="21" count="1" type="stmt"/>
      <line num="26" count="14" type="cond" truecount="2" falsecount="0"/>
      <line num="27" count="1" type="stmt"/>
      <line num="33" count="13" type="stmt"/>
      <line num="34" count="13" type="cond" truecount="2" falsecount="0"/>
      <line num="35" count="4" type="stmt"/>
      <line num="40" count="9" type="stmt"/>
      <line num="56" count="1" type="stmt"/>
      <line num="58" count="18" type="cond" truecount="4" falsecount="0"/>
      <line num="59" count="3" type="stmt"/>
      <line num="65" count="15" type="cond" truecount="2" falsecount="0"/>
      <line num="66" count="1" type="stmt"/>
      <line num="71" count="14" type="cond" truecount="2" falsecount="0"/>
      <line num="72" count="1" type="stmt"/>
      <line num="78" count="13" type="stmt"/>
      <line num="79" count="13" type="cond" truecount="2" falsecount="0"/>
      <line num="80" count="2" type="stmt"/>
      <line num="86" count="11" type="stmt"/>
      <line num="87" count="11" type="cond" truecount="2" falsecount="0"/>
      <line num="88" count="2" type="stmt"/>
      <line num="93" count="9" type="stmt"/>
    </file>
    <file name="validateProduct.js" path="D:\Web\KiemThuPhanMem\Ktpm\Software-Testing\frontend\src\tests\validateProduct.js">
      <metrics statements="42" coveredstatements="42" conditionals="48" coveredconditionals="48" methods="1" coveredmethods="1"/>
      <line num="1" count="1" type="stmt"/>
      <line num="2" count="44" type="stmt"/>
      <line num="5" count="44" type="cond" truecount="4" falsecount="0"/>
      <line num="6" count="3" type="stmt"/>
      <line num="7" count="41" type="cond" truecount="2" falsecount="0"/>
      <line num="8" count="1" type="stmt"/>
      <line num="9" count="40" type="cond" truecount="2" falsecount="0"/>
      <line num="10" count="1" type="stmt"/>
      <line num="14" count="44" type="cond" truecount="5" falsecount="0"/>
      <line num="15" count="3" type="stmt"/>
      <line num="17" count="41" type="stmt"/>
      <line num="18" count="41" type="cond" truecount="2" falsecount="0"/>
      <line num="19" count="1" type="stmt"/>
      <line num="20" count="40" type="cond" truecount="2" falsecount="0"/>
      <line num="21" count="2" type="stmt"/>
      <line num="22" count="38" type="cond" truecount="2" falsecount="0"/>
      <line num="23" count="1" type="stmt"/>
      <line num="24" count="37" type="cond" truecount="2" falsecount="0"/>
      <line num="25" count="1" type="stmt"/>
      <line num="30" count="44" type="cond" truecount="5" falsecount="0"/>
      <line num="31" count="3" type="stmt"/>
      <line num="33" count="41" type="stmt"/>
      <line num="34" count="41" type="cond" truecount="2" falsecount="0"/>
      <line num="35" count="2" type="stmt"/>
      <line num="36" count="39" type="cond" truecount="2" falsecount="0"/>
      <line num="37" count="1" type="stmt"/>
      <line num="38" count="38" type="cond" truecount="2" falsecount="0"/>
      <line num="39" count="1" type="stmt"/>
      <line num="40" count="37" type="cond" truecount="2" falsecount="0"/>
      <line num="41" count="1" type="stmt"/>
      <line num="46" count="44" type="cond" truecount="4" falsecount="0"/>
      <line num="47" count="2" type="stmt"/>
      <line num="48" count="42" type="cond" truecount="2" falsecount="0"/>
      <line num="49" count="2" type="stmt"/>
      <line num="50" count="40" type="cond" truecount="2" falsecount="0"/>
      <line num="51" count="1" type="stmt"/>
      <line num="55" count="44" type="stmt"/>
      <line num="56" count="44" type="cond" truecount="4" falsecount="0"/>
      <line num="57" count="3" type="stmt"/>
      <line num="58" count="41" type="cond" truecount="2" falsecount="0"/>
      <line num="59" count="1" type="stmt"/>
      <line num="62" count="44" type="stmt"/>
    </file>
  </project>
</coverage>
