{"D:\\Web\\KiemThuPhanMem\\Ktpm\\Software-Testing\\frontend\\src\\App.jsx": {"path":"D:\\Web\\KiemThuPhanMem\\Ktpm\\Software-Testing\\frontend\\src\\App.jsx","statementMap":{"0":{"start":{"line":6,"column":2},"end":{"line":11,"column":3}}},"fnMap":{"0":{"name":"App","decl":{"start":{"line":4,"column":9},"end":{"line":4,"column":12}},"loc":{"start":{"line":4,"column":15},"end":{"line":12,"column":1}},"line":4}},"branchMap":{},"s":{"0":0},"f":{"0":0},"b":{}}
,"D:\\Web\\KiemThuPhanMem\\Ktpm\\Software-Testing\\frontend\\src\\components\\LoginForm.jsx": {"path":"D:\\Web\\KiemThuPhanMem\\Ktpm\\Software-Testing\\frontend\\src\\components\\LoginForm.jsx","statementMap":{"0":{"start":{"line":6,"column":28},"end":{"line":6,"column":40}},"1":{"start":{"line":7,"column":34},"end":{"line":7,"column":46}},"2":{"start":{"line":8,"column":42},"end":{"line":8,"column":57}},"3":{"start":{"line":9,"column":36},"end":{"line":9,"column":51}},"4":{"start":{"line":10,"column":28},"end":{"line":10,"column":40}},"5":{"start":{"line":11,"column":32},"end":{"line":11,"column":47}},"6":{"start":{"line":13,"column":23},"end":{"line":51,"column":3}},"7":{"start":{"line":14,"column":4},"end":{"line":14,"column":23}},"8":{"start":{"line":15,"column":4},"end":{"line":15,"column":17}},"9":{"start":{"line":16,"column":4},"end":{"line":16,"column":23}},"10":{"start":{"line":18,"column":4},"end":{"line":22,"column":5}},"11":{"start":{"line":19,"column":6},"end":{"line":19,"column":50}},"12":{"start":{"line":20,"column":6},"end":{"line":20,"column":26}},"13":{"start":{"line":21,"column":6},"end":{"line":21,"column":13}},"14":{"start":{"line":24,"column":4},"end":{"line":28,"column":5}},"15":{"start":{"line":25,"column":6},"end":{"line":25,"column":37}},"16":{"start":{"line":26,"column":6},"end":{"line":26,"column":26}},"17":{"start":{"line":27,"column":6},"end":{"line":27,"column":13}},"18":{"start":{"line":30,"column":4},"end":{"line":50,"column":5}},"19":{"start":{"line":32,"column":18},"end":{"line":32,"column":46}},"20":{"start":{"line":33,"column":6},"end":{"line":43,"column":7}},"21":{"start":{"line":34,"column":8},"end":{"line":34,"column":25}},"22":{"start":{"line":35,"column":8},"end":{"line":35,"column":28}},"23":{"start":{"line":37,"column":8},"end":{"line":41,"column":17}},"24":{"start":{"line":38,"column":10},"end":{"line":38,"column":28}},"25":{"start":{"line":39,"column":10},"end":{"line":39,"column":23}},"26":{"start":{"line":40,"column":10},"end":{"line":40,"column":26}},"27":{"start":{"line":42,"column":8},"end":{"line":42,"column":15}},"28":{"start":{"line":45,"column":6},"end":{"line":45,"column":32}},"29":{"start":{"line":46,"column":6},"end":{"line":46,"column":26}},"30":{"start":{"line":48,"column":6},"end":{"line":48,"column":48}},"31":{"start":{"line":49,"column":6},"end":{"line":49,"column":26}},"32":{"start":{"line":53,"column":2},"end":{"line":173,"column":4}},"33":{"start":{"line":82,"column":35},"end":{"line":82,"column":59}},"34":{"start":{"line":96,"column":37},"end":{"line":96,"column":64}},"35":{"start":{"line":103,"column":35},"end":{"line":103,"column":65}},"36":{"start":{"line":176,"column":15},"end":{"line":396,"column":1}}},"fnMap":{"0":{"name":"LoginForm","decl":{"start":{"line":5,"column":24},"end":{"line":5,"column":33}},"loc":{"start":{"line":5,"column":36},"end":{"line":174,"column":1}},"line":5},"1":{"name":"(anonymous_1)","decl":{"start":{"line":13,"column":23},"end":{"line":13,"column":24}},"loc":{"start":{"line":13,"column":36},"end":{"line":51,"column":3}},"line":13},"2":{"name":"(anonymous_2)","decl":{"start":{"line":37,"column":19},"end":{"line":37,"column":20}},"loc":{"start":{"line":37,"column":25},"end":{"line":41,"column":9}},"line":37},"3":{"name":"(anonymous_3)","decl":{"start":{"line":82,"column":28},"end":{"line":82,"column":29}},"loc":{"start":{"line":82,"column":35},"end":{"line":82,"column":59}},"line":82},"4":{"name":"(anonymous_4)","decl":{"start":{"line":96,"column":30},"end":{"line":96,"column":31}},"loc":{"start":{"line":96,"column":37},"end":{"line":96,"column":64}},"line":96},"5":{"name":"(anonymous_5)","decl":{"start":{"line":103,"column":29},"end":{"line":103,"column":30}},"loc":{"start":{"line":103,"column":35},"end":{"line":103,"column":65}},"line":103}},"branchMap":{"0":{"loc":{"start":{"line":18,"column":4},"end":{"line":22,"column":5}},"type":"if","locations":[{"start":{"line":18,"column":4},"end":{"line":22,"column":5}},{"start":{},"end":{}}],"line":18},"1":{"loc":{"start":{"line":18,"column":8},"end":{"line":18,"column":27}},"type":"binary-expr","locations":[{"start":{"line":18,"column":8},"end":{"line":18,"column":14}},{"start":{"line":18,"column":18},"end":{"line":18,"column":27}}],"line":18},"2":{"loc":{"start":{"line":24,"column":4},"end":{"line":28,"column":5}},"type":"if","locations":[{"start":{"line":24,"column":4},"end":{"line":28,"column":5}},{"start":{},"end":{}}],"line":24},"3":{"loc":{"start":{"line":33,"column":6},"end":{"line":43,"column":7}},"type":"if","locations":[{"start":{"line":33,"column":6},"end":{"line":43,"column":7}},{"start":{},"end":{}}],"line":33},"4":{"loc":{"start":{"line":33,"column":10},"end":{"line":33,"column":28}},"type":"binary-expr","locations":[{"start":{"line":33,"column":10},"end":{"line":33,"column":13}},{"start":{"line":33,"column":17},"end":{"line":33,"column":28}}],"line":33},"5":{"loc":{"start":{"line":48,"column":15},"end":{"line":48,"column":46}},"type":"binary-expr","locations":[{"start":{"line":48,"column":15},"end":{"line":48,"column":27}},{"start":{"line":48,"column":31},"end":{"line":48,"column":46}}],"line":48},"6":{"loc":{"start":{"line":69,"column":11},"end":{"line":164,"column":11}},"type":"cond-expr","locations":[{"start":{"line":70,"column":12},"end":{"line":73,"column":18}},{"start":{"line":75,"column":12},"end":{"line":163,"column":18}}],"line":69},"7":{"loc":{"start":{"line":94,"column":26},"end":{"line":94,"column":60}},"type":"cond-expr","locations":[{"start":{"line":94,"column":41},"end":{"line":94,"column":47}},{"start":{"line":94,"column":50},"end":{"line":94,"column":60}}],"line":94},"8":{"loc":{"start":{"line":107,"column":21},"end":{"line":107,"column":53}},"type":"cond-expr","locations":[{"start":{"line":107,"column":36},"end":{"line":107,"column":45}},{"start":{"line":107,"column":48},"end":{"line":107,"column":53}}],"line":107},"9":{"loc":{"start":{"line":126,"column":15},"end":{"line":130,"column":15}},"type":"binary-expr","locations":[{"start":{"line":126,"column":15},"end":{"line":126,"column":20}},{"start":{"line":127,"column":16},"end":{"line":129,"column":22}}],"line":126},"10":{"loc":{"start":{"line":138,"column":27},"end":{"line":138,"column":46}},"type":"cond-expr","locations":[{"start":{"line":138,"column":39},"end":{"line":138,"column":42}},{"start":{"line":138,"column":45},"end":{"line":138,"column":46}}],"line":138},"11":{"loc":{"start":{"line":139,"column":26},"end":{"line":139,"column":63}},"type":"cond-expr","locations":[{"start":{"line":139,"column":38},"end":{"line":139,"column":51}},{"start":{"line":139,"column":54},"end":{"line":139,"column":63}}],"line":139},"12":{"loc":{"start":{"line":142,"column":17},"end":{"line":152,"column":17}},"type":"cond-expr","locations":[{"start":{"line":143,"column":18},"end":{"line":146,"column":21}},{"start":{"line":148,"column":18},"end":{"line":151,"column":21}}],"line":142}},"s":{"0":893,"1":893,"2":893,"3":893,"4":893,"5":893,"6":893,"7":33,"8":33,"9":33,"10":33,"11":7,"12":7,"13":7,"14":26,"15":2,"16":2,"17":2,"18":24,"19":24,"20":17,"21":17,"22":17,"23":17,"24":12,"25":12,"26":12,"27":17,"28":0,"29":0,"30":7,"31":7,"32":893,"33":472,"34":325,"35":1,"36":2},"f":{"0":893,"1":33,"2":12,"3":472,"4":325,"5":1},"b":{"0":[7,26],"1":[33,27],"2":[2,24],"3":[17,0],"4":[17,17],"5":[7,0],"6":[15,878],"7":[1,877],"8":[1,877],"9":[878,31],"10":[24,854],"11":[24,854],"12":[24,854]},"_coverageSchema":"1a1c01bbd47fc00a2c39e90264f33305004495a9","hash":"f2de775b1b93c634361b3cec97d3cdbf1294f258"}
,"D:\\Web\\KiemThuPhanMem\\Ktpm\\Software-Testing\\frontend\\src\\components\\ProductManagement.jsx": {"path":"D:\\Web\\KiemThuPhanMem\\Ktpm\\Software-Testing\\frontend\\src\\components\\ProductManagement.jsx","statementMap":{"0":{"start":{"line":5,"column":26},"end":{"line":579,"column":1}},"1":{"start":{"line":6,"column":34},"end":{"line":6,"column":46}},"2":{"start":{"line":7,"column":50},"end":{"line":7,"column":62}},"3":{"start":{"line":8,"column":36},"end":{"line":8,"column":51}},"4":{"start":{"line":9,"column":36},"end":{"line":9,"column":54}},"5":{"start":{"line":10,"column":48},"end":{"line":10,"column":62}},"6":{"start":{"line":11,"column":52},"end":{"line":11,"column":67}},"7":{"start":{"line":12,"column":34},"end":{"line":12,"column":48}},"8":{"start":{"line":13,"column":38},"end":{"line":13,"column":50}},"9":{"start":{"line":14,"column":46},"end":{"line":14,"column":61}},"10":{"start":{"line":15,"column":40},"end":{"line":15,"column":51}},"11":{"start":{"line":16,"column":42},"end":{"line":16,"column":56}},"12":{"start":{"line":17,"column":23},"end":{"line":17,"column":24}},"13":{"start":{"line":19,"column":21},"end":{"line":19,"column":82}},"14":{"start":{"line":21,"column":34},"end":{"line":27,"column":4}},"15":{"start":{"line":29,"column":30},"end":{"line":29,"column":42}},"16":{"start":{"line":31,"column":2},"end":{"line":33,"column":9}},"17":{"start":{"line":32,"column":4},"end":{"line":32,"column":19}},"18":{"start":{"line":35,"column":2},"end":{"line":51,"column":45}},"19":{"start":{"line":37,"column":19},"end":{"line":37,"column":32}},"20":{"start":{"line":39,"column":4},"end":{"line":43,"column":5}},"21":{"start":{"line":40,"column":6},"end":{"line":42,"column":8}},"22":{"start":{"line":41,"column":8},"end":{"line":41,"column":63}},"23":{"start":{"line":45,"column":4},"end":{"line":47,"column":5}},"24":{"start":{"line":46,"column":6},"end":{"line":46,"column":69}},"25":{"start":{"line":46,"column":38},"end":{"line":46,"column":67}},"26":{"start":{"line":49,"column":4},"end":{"line":49,"column":34}},"27":{"start":{"line":50,"column":4},"end":{"line":50,"column":22}},"28":{"start":{"line":54,"column":23},"end":{"line":77,"column":3}},"29":{"start":{"line":55,"column":4},"end":{"line":76,"column":5}},"30":{"start":{"line":57,"column":22},"end":{"line":57,"column":47}},"31":{"start":{"line":60,"column":26},"end":{"line":60,"column":75}},"32":{"start":{"line":60,"column":48},"end":{"line":60,"column":74}},"33":{"start":{"line":63,"column":29},"end":{"line":70,"column":8}},"34":{"start":{"line":64,"column":8},"end":{"line":69,"column":9}},"35":{"start":{"line":65,"column":23},"end":{"line":65,"column":48}},"36":{"start":{"line":66,"column":10},"end":{"line":66,"column":48}},"37":{"start":{"line":68,"column":10},"end":{"line":68,"column":22}},"38":{"start":{"line":72,"column":6},"end":{"line":72,"column":58}},"39":{"start":{"line":72,"column":45},"end":{"line":72,"column":55}},"40":{"start":{"line":74,"column":6},"end":{"line":74,"column":52}},"41":{"start":{"line":75,"column":6},"end":{"line":75,"column":22}},"42":{"start":{"line":81,"column":27},"end":{"line":84,"column":3}},"43":{"start":{"line":82,"column":4},"end":{"line":82,"column":39}},"44":{"start":{"line":83,"column":4},"end":{"line":83,"column":50}},"45":{"start":{"line":83,"column":21},"end":{"line":83,"column":42}},"46":{"start":{"line":86,"column":23},"end":{"line":134,"column":3}},"47":{"start":{"line":87,"column":22},"end":{"line":87,"column":24}},"48":{"start":{"line":90,"column":4},"end":{"line":96,"column":5}},"49":{"start":{"line":91,"column":6},"end":{"line":91,"column":58}},"50":{"start":{"line":92,"column":11},"end":{"line":96,"column":5}},"51":{"start":{"line":93,"column":6},"end":{"line":93,"column":62}},"52":{"start":{"line":94,"column":11},"end":{"line":96,"column":5}},"53":{"start":{"line":95,"column":6},"end":{"line":95,"column":68}},"54":{"start":{"line":99,"column":4},"end":{"line":107,"column":5}},"55":{"start":{"line":100,"column":6},"end":{"line":100,"column":50}},"56":{"start":{"line":101,"column":11},"end":{"line":107,"column":5}},"57":{"start":{"line":102,"column":6},"end":{"line":102,"column":41}},"58":{"start":{"line":103,"column":11},"end":{"line":107,"column":5}},"59":{"start":{"line":104,"column":6},"end":{"line":104,"column":50}},"60":{"start":{"line":105,"column":11},"end":{"line":107,"column":5}},"61":{"start":{"line":106,"column":6},"end":{"line":106,"column":47}},"62":{"start":{"line":110,"column":4},"end":{"line":116,"column":5}},"63":{"start":{"line":111,"column":6},"end":{"line":111,"column":58}},"64":{"start":{"line":112,"column":11},"end":{"line":116,"column":5}},"65":{"start":{"line":113,"column":6},"end":{"line":113,"column":49}},"66":{"start":{"line":114,"column":11},"end":{"line":116,"column":5}},"67":{"start":{"line":115,"column":6},"end":{"line":115,"column":58}},"68":{"start":{"line":119,"column":4},"end":{"line":121,"column":5}},"69":{"start":{"line":120,"column":6},"end":{"line":120,"column":52}},"70":{"start":{"line":124,"column":4},"end":{"line":130,"column":5}},"71":{"start":{"line":125,"column":6},"end":{"line":125,"column":58}},"72":{"start":{"line":126,"column":11},"end":{"line":130,"column":5}},"73":{"start":{"line":127,"column":6},"end":{"line":127,"column":63}},"74":{"start":{"line":128,"column":11},"end":{"line":130,"column":5}},"75":{"start":{"line":129,"column":6},"end":{"line":129,"column":68}},"76":{"start":{"line":132,"column":4},"end":{"line":132,"column":25}},"77":{"start":{"line":133,"column":4},"end":{"line":133,"column":47}},"78":{"start":{"line":136,"column":26},"end":{"line":153,"column":3}},"79":{"start":{"line":137,"column":4},"end":{"line":137,"column":23}},"80":{"start":{"line":138,"column":4},"end":{"line":150,"column":5}},"81":{"start":{"line":139,"column":6},"end":{"line":145,"column":9}},"82":{"start":{"line":146,"column":11},"end":{"line":150,"column":5}},"83":{"start":{"line":147,"column":6},"end":{"line":147,"column":34}},"84":{"start":{"line":148,"column":11},"end":{"line":150,"column":5}},"85":{"start":{"line":149,"column":6},"end":{"line":149,"column":34}},"86":{"start":{"line":151,"column":4},"end":{"line":151,"column":18}},"87":{"start":{"line":152,"column":4},"end":{"line":152,"column":23}},"88":{"start":{"line":155,"column":27},"end":{"line":166,"column":3}},"89":{"start":{"line":156,"column":4},"end":{"line":156,"column":24}},"90":{"start":{"line":157,"column":4},"end":{"line":157,"column":29}},"91":{"start":{"line":158,"column":4},"end":{"line":164,"column":7}},"92":{"start":{"line":165,"column":4},"end":{"line":165,"column":18}},"93":{"start":{"line":169,"column":23},"end":{"line":202,"column":3}},"94":{"start":{"line":170,"column":4},"end":{"line":173,"column":5}},"95":{"start":{"line":171,"column":6},"end":{"line":171,"column":76}},"96":{"start":{"line":172,"column":6},"end":{"line":172,"column":13}},"97":{"start":{"line":175,"column":4},"end":{"line":201,"column":5}},"98":{"start":{"line":176,"column":6},"end":{"line":193,"column":7}},"99":{"start":{"line":177,"column":27},"end":{"line":181,"column":9}},"100":{"start":{"line":183,"column":8},"end":{"line":183,"column":85}},"101":{"start":{"line":184,"column":8},"end":{"line":184,"column":54}},"102":{"start":{"line":185,"column":13},"end":{"line":193,"column":7}},"103":{"start":{"line":186,"column":31},"end":{"line":189,"column":9}},"104":{"start":{"line":191,"column":8},"end":{"line":191,"column":87}},"105":{"start":{"line":192,"column":8},"end":{"line":192,"column":58}},"106":{"start":{"line":195,"column":6},"end":{"line":195,"column":27}},"107":{"start":{"line":196,"column":6},"end":{"line":196,"column":25}},"108":{"start":{"line":199,"column":6},"end":{"line":199,"column":55}},"109":{"start":{"line":200,"column":6},"end":{"line":200,"column":68}},"110":{"start":{"line":205,"column":23},"end":{"line":218,"column":3}},"111":{"start":{"line":206,"column":4},"end":{"line":217,"column":5}},"112":{"start":{"line":208,"column":6},"end":{"line":208,"column":53}},"113":{"start":{"line":209,"column":6},"end":{"line":209,"column":27}},"114":{"start":{"line":210,"column":6},"end":{"line":210,"column":51}},"115":{"start":{"line":211,"column":6},"end":{"line":211,"column":34}},"116":{"start":{"line":212,"column":6},"end":{"line":212,"column":24}},"117":{"start":{"line":215,"column":6},"end":{"line":215,"column":52}},"118":{"start":{"line":216,"column":6},"end":{"line":216,"column":66}},"119":{"start":{"line":220,"column":28},"end":{"line":223,"column":3}},"120":{"start":{"line":221,"column":4},"end":{"line":221,"column":20}},"121":{"start":{"line":222,"column":4},"end":{"line":222,"column":31}},"122":{"start":{"line":225,"column":21},"end":{"line":225,"column":70}},"123":{"start":{"line":226,"column":21},"end":{"line":226,"column":53}},"124":{"start":{"line":227,"column":26},"end":{"line":227,"column":87}},"125":{"start":{"line":229,"column":2},"end":{"line":578,"column":4}},"126":{"start":{"line":243,"column":29},"end":{"line":243,"column":54}},"127":{"start":{"line":258,"column":33},"end":{"line":258,"column":62}},"128":{"start":{"line":264,"column":31},"end":{"line":264,"column":64}},"129":{"start":{"line":269,"column":16},"end":{"line":269,"column":60}},"130":{"start":{"line":296,"column":20},"end":{"line":330,"column":25}},"131":{"start":{"line":308,"column":43},"end":{"line":308,"column":75}},"132":{"start":{"line":315,"column":43},"end":{"line":315,"column":75}},"133":{"start":{"line":322,"column":43},"end":{"line":322,"column":72}},"134":{"start":{"line":344,"column":33},"end":{"line":344,"column":78}},"135":{"start":{"line":344,"column":56},"end":{"line":344,"column":77}},"136":{"start":{"line":351,"column":33},"end":{"line":351,"column":87}},"137":{"start":{"line":351,"column":56},"end":{"line":351,"column":86}},"138":{"start":{"line":385,"column":37},"end":{"line":385,"column":87}},"139":{"start":{"line":401,"column":39},"end":{"line":401,"column":90}},"140":{"start":{"line":416,"column":39},"end":{"line":416,"column":93}},"141":{"start":{"line":431,"column":37},"end":{"line":431,"column":91}},"142":{"start":{"line":436,"column":22},"end":{"line":436,"column":66}},"143":{"start":{"line":449,"column":37},"end":{"line":449,"column":94}},"144":{"start":{"line":524,"column":20},"end":{"line":524,"column":39}},"145":{"start":{"line":525,"column":20},"end":{"line":525,"column":61}},"146":{"start":{"line":565,"column":20},"end":{"line":565,"column":48}},"147":{"start":{"line":566,"column":20},"end":{"line":566,"column":38}}},"fnMap":{"0":{"name":"(anonymous_0)","decl":{"start":{"line":5,"column":26},"end":{"line":5,"column":27}},"loc":{"start":{"line":5,"column":32},"end":{"line":579,"column":1}},"line":5},"1":{"name":"(anonymous_1)","decl":{"start":{"line":31,"column":12},"end":{"line":31,"column":13}},"loc":{"start":{"line":31,"column":18},"end":{"line":33,"column":3}},"line":31},"2":{"name":"(anonymous_2)","decl":{"start":{"line":35,"column":12},"end":{"line":35,"column":13}},"loc":{"start":{"line":35,"column":18},"end":{"line":51,"column":3}},"line":35},"3":{"name":"(anonymous_3)","decl":{"start":{"line":40,"column":33},"end":{"line":40,"column":34}},"loc":{"start":{"line":41,"column":8},"end":{"line":41,"column":63}},"line":41},"4":{"name":"(anonymous_4)","decl":{"start":{"line":46,"column":33},"end":{"line":46,"column":34}},"loc":{"start":{"line":46,"column":38},"end":{"line":46,"column":67}},"line":46},"5":{"name":"(anonymous_5)","decl":{"start":{"line":54,"column":23},"end":{"line":54,"column":24}},"loc":{"start":{"line":54,"column":35},"end":{"line":77,"column":3}},"line":54},"6":{"name":"(anonymous_6)","decl":{"start":{"line":60,"column":41},"end":{"line":60,"column":42}},"loc":{"start":{"line":60,"column":48},"end":{"line":60,"column":74}},"line":60},"7":{"name":"(anonymous_7)","decl":{"start":{"line":63,"column":45},"end":{"line":63,"column":46}},"loc":{"start":{"line":63,"column":52},"end":{"line":70,"column":7}},"line":63},"8":{"name":"(anonymous_8)","decl":{"start":{"line":72,"column":40},"end":{"line":72,"column":41}},"loc":{"start":{"line":72,"column":45},"end":{"line":72,"column":55}},"line":72},"9":{"name":"(anonymous_9)","decl":{"start":{"line":81,"column":27},"end":{"line":81,"column":28}},"loc":{"start":{"line":81,"column":58},"end":{"line":84,"column":3}},"line":81},"10":{"name":"(anonymous_10)","decl":{"start":{"line":83,"column":15},"end":{"line":83,"column":16}},"loc":{"start":{"line":83,"column":21},"end":{"line":83,"column":42}},"line":83},"11":{"name":"(anonymous_11)","decl":{"start":{"line":86,"column":23},"end":{"line":86,"column":24}},"loc":{"start":{"line":86,"column":29},"end":{"line":134,"column":3}},"line":86},"12":{"name":"(anonymous_12)","decl":{"start":{"line":136,"column":26},"end":{"line":136,"column":27}},"loc":{"start":{"line":136,"column":52},"end":{"line":153,"column":3}},"line":136},"13":{"name":"(anonymous_13)","decl":{"start":{"line":155,"column":27},"end":{"line":155,"column":28}},"loc":{"start":{"line":155,"column":33},"end":{"line":166,"column":3}},"line":155},"14":{"name":"(anonymous_14)","decl":{"start":{"line":169,"column":23},"end":{"line":169,"column":24}},"loc":{"start":{"line":169,"column":35},"end":{"line":202,"column":3}},"line":169},"15":{"name":"(anonymous_15)","decl":{"start":{"line":205,"column":23},"end":{"line":205,"column":24}},"loc":{"start":{"line":205,"column":35},"end":{"line":218,"column":3}},"line":205},"16":{"name":"(anonymous_16)","decl":{"start":{"line":220,"column":28},"end":{"line":220,"column":29}},"loc":{"start":{"line":220,"column":36},"end":{"line":223,"column":3}},"line":220},"17":{"name":"(anonymous_17)","decl":{"start":{"line":243,"column":23},"end":{"line":243,"column":24}},"loc":{"start":{"line":243,"column":29},"end":{"line":243,"column":54}},"line":243},"18":{"name":"(anonymous_18)","decl":{"start":{"line":258,"column":26},"end":{"line":258,"column":27}},"loc":{"start":{"line":258,"column":33},"end":{"line":258,"column":62}},"line":258},"19":{"name":"(anonymous_19)","decl":{"start":{"line":264,"column":24},"end":{"line":264,"column":25}},"loc":{"start":{"line":264,"column":31},"end":{"line":264,"column":64}},"line":264},"20":{"name":"(anonymous_20)","decl":{"start":{"line":268,"column":30},"end":{"line":268,"column":31}},"loc":{"start":{"line":269,"column":16},"end":{"line":269,"column":60}},"line":269},"21":{"name":"(anonymous_21)","decl":{"start":{"line":295,"column":38},"end":{"line":295,"column":39}},"loc":{"start":{"line":296,"column":20},"end":{"line":330,"column":25}},"line":296},"22":{"name":"(anonymous_22)","decl":{"start":{"line":308,"column":37},"end":{"line":308,"column":38}},"loc":{"start":{"line":308,"column":43},"end":{"line":308,"column":75}},"line":308},"23":{"name":"(anonymous_23)","decl":{"start":{"line":315,"column":37},"end":{"line":315,"column":38}},"loc":{"start":{"line":315,"column":43},"end":{"line":315,"column":75}},"line":315},"24":{"name":"(anonymous_24)","decl":{"start":{"line":322,"column":37},"end":{"line":322,"column":38}},"loc":{"start":{"line":322,"column":43},"end":{"line":322,"column":72}},"line":322},"25":{"name":"(anonymous_25)","decl":{"start":{"line":344,"column":27},"end":{"line":344,"column":28}},"loc":{"start":{"line":344,"column":33},"end":{"line":344,"column":78}},"line":344},"26":{"name":"(anonymous_26)","decl":{"start":{"line":344,"column":48},"end":{"line":344,"column":49}},"loc":{"start":{"line":344,"column":56},"end":{"line":344,"column":77}},"line":344},"27":{"name":"(anonymous_27)","decl":{"start":{"line":351,"column":27},"end":{"line":351,"column":28}},"loc":{"start":{"line":351,"column":33},"end":{"line":351,"column":87}},"line":351},"28":{"name":"(anonymous_28)","decl":{"start":{"line":351,"column":48},"end":{"line":351,"column":49}},"loc":{"start":{"line":351,"column":56},"end":{"line":351,"column":86}},"line":351},"29":{"name":"(anonymous_29)","decl":{"start":{"line":385,"column":30},"end":{"line":385,"column":31}},"loc":{"start":{"line":385,"column":37},"end":{"line":385,"column":87}},"line":385},"30":{"name":"(anonymous_30)","decl":{"start":{"line":401,"column":32},"end":{"line":401,"column":33}},"loc":{"start":{"line":401,"column":39},"end":{"line":401,"column":90}},"line":401},"31":{"name":"(anonymous_31)","decl":{"start":{"line":416,"column":32},"end":{"line":416,"column":33}},"loc":{"start":{"line":416,"column":39},"end":{"line":416,"column":93}},"line":416},"32":{"name":"(anonymous_32)","decl":{"start":{"line":431,"column":30},"end":{"line":431,"column":31}},"loc":{"start":{"line":431,"column":37},"end":{"line":431,"column":91}},"line":431},"33":{"name":"(anonymous_33)","decl":{"start":{"line":435,"column":36},"end":{"line":435,"column":37}},"loc":{"start":{"line":436,"column":22},"end":{"line":436,"column":66}},"line":436},"34":{"name":"(anonymous_34)","decl":{"start":{"line":449,"column":30},"end":{"line":449,"column":31}},"loc":{"start":{"line":449,"column":37},"end":{"line":449,"column":94}},"line":449},"35":{"name":"(anonymous_35)","decl":{"start":{"line":523,"column":27},"end":{"line":523,"column":28}},"loc":{"start":{"line":523,"column":33},"end":{"line":526,"column":19}},"line":523},"36":{"name":"(anonymous_36)","decl":{"start":{"line":564,"column":27},"end":{"line":564,"column":28}},"loc":{"start":{"line":564,"column":33},"end":{"line":567,"column":19}},"line":564}},"branchMap":{"0":{"loc":{"start":{"line":39,"column":4},"end":{"line":43,"column":5}},"type":"if","locations":[{"start":{"line":39,"column":4},"end":{"line":43,"column":5}},{"start":{},"end":{}}],"line":39},"1":{"loc":{"start":{"line":45,"column":4},"end":{"line":47,"column":5}},"type":"if","locations":[{"start":{"line":45,"column":4},"end":{"line":47,"column":5}},{"start":{},"end":{}}],"line":45},"2":{"loc":{"start":{"line":66,"column":17},"end":{"line":66,"column":47}},"type":"cond-expr","locations":[{"start":{"line":66,"column":24},"end":{"line":66,"column":40}},{"start":{"line":66,"column":43},"end":{"line":66,"column":47}}],"line":66},"3":{"loc":{"start":{"line":81,"column":37},"end":{"line":81,"column":53}},"type":"default-arg","locations":[{"start":{"line":81,"column":44},"end":{"line":81,"column":53}}],"line":81},"4":{"loc":{"start":{"line":90,"column":4},"end":{"line":96,"column":5}},"type":"if","locations":[{"start":{"line":90,"column":4},"end":{"line":96,"column":5}},{"start":{"line":92,"column":11},"end":{"line":96,"column":5}}],"line":90},"5":{"loc":{"start":{"line":90,"column":8},"end":{"line":90,"column":47}},"type":"binary-expr","locations":[{"start":{"line":90,"column":8},"end":{"line":90,"column":22}},{"start":{"line":90,"column":26},"end":{"line":90,"column":47}}],"line":90},"6":{"loc":{"start":{"line":92,"column":11},"end":{"line":96,"column":5}},"type":"if","locations":[{"start":{"line":92,"column":11},"end":{"line":96,"column":5}},{"start":{"line":94,"column":11},"end":{"line":96,"column":5}}],"line":92},"7":{"loc":{"start":{"line":94,"column":11},"end":{"line":96,"column":5}},"type":"if","locations":[{"start":{"line":94,"column":11},"end":{"line":96,"column":5}},{"start":{},"end":{}}],"line":94},"8":{"loc":{"start":{"line":99,"column":4},"end":{"line":107,"column":5}},"type":"if","locations":[{"start":{"line":99,"column":4},"end":{"line":107,"column":5}},{"start":{"line":101,"column":11},"end":{"line":107,"column":5}}],"line":99},"9":{"loc":{"start":{"line":99,"column":8},"end":{"line":99,"column":88}},"type":"binary-expr","locations":[{"start":{"line":99,"column":8},"end":{"line":99,"column":29}},{"start":{"line":99,"column":33},"end":{"line":99,"column":56}},{"start":{"line":99,"column":60},"end":{"line":99,"column":88}}],"line":99},"10":{"loc":{"start":{"line":101,"column":11},"end":{"line":107,"column":5}},"type":"if","locations":[{"start":{"line":101,"column":11},"end":{"line":107,"column":5}},{"start":{"line":103,"column":11},"end":{"line":107,"column":5}}],"line":101},"11":{"loc":{"start":{"line":103,"column":11},"end":{"line":107,"column":5}},"type":"if","locations":[{"start":{"line":103,"column":11},"end":{"line":107,"column":5}},{"start":{"line":105,"column":11},"end":{"line":107,"column":5}}],"line":103},"12":{"loc":{"start":{"line":105,"column":11},"end":{"line":107,"column":5}},"type":"if","locations":[{"start":{"line":105,"column":11},"end":{"line":107,"column":5}},{"start":{},"end":{}}],"line":105},"13":{"loc":{"start":{"line":110,"column":4},"end":{"line":116,"column":5}},"type":"if","locations":[{"start":{"line":110,"column":4},"end":{"line":116,"column":5}},{"start":{"line":112,"column":11},"end":{"line":116,"column":5}}],"line":110},"14":{"loc":{"start":{"line":110,"column":8},"end":{"line":110,"column":97}},"type":"binary-expr","locations":[{"start":{"line":110,"column":8},"end":{"line":110,"column":32}},{"start":{"line":110,"column":36},"end":{"line":110,"column":62}},{"start":{"line":110,"column":66},"end":{"line":110,"column":97}}],"line":110},"15":{"loc":{"start":{"line":112,"column":11},"end":{"line":116,"column":5}},"type":"if","locations":[{"start":{"line":112,"column":11},"end":{"line":116,"column":5}},{"start":{"line":114,"column":11},"end":{"line":116,"column":5}}],"line":112},"16":{"loc":{"start":{"line":114,"column":11},"end":{"line":116,"column":5}},"type":"if","locations":[{"start":{"line":114,"column":11},"end":{"line":116,"column":5}},{"start":{},"end":{}}],"line":114},"17":{"loc":{"start":{"line":119,"column":4},"end":{"line":121,"column":5}},"type":"if","locations":[{"start":{"line":119,"column":4},"end":{"line":121,"column":5}},{"start":{},"end":{}}],"line":119},"18":{"loc":{"start":{"line":124,"column":4},"end":{"line":130,"column":5}},"type":"if","locations":[{"start":{"line":124,"column":4},"end":{"line":130,"column":5}},{"start":{"line":126,"column":11},"end":{"line":130,"column":5}}],"line":124},"19":{"loc":{"start":{"line":124,"column":8},"end":{"line":124,"column":61}},"type":"binary-expr","locations":[{"start":{"line":124,"column":8},"end":{"line":124,"column":29}},{"start":{"line":124,"column":33},"end":{"line":124,"column":61}}],"line":124},"20":{"loc":{"start":{"line":126,"column":11},"end":{"line":130,"column":5}},"type":"if","locations":[{"start":{"line":126,"column":11},"end":{"line":130,"column":5}},{"start":{"line":128,"column":11},"end":{"line":130,"column":5}}],"line":126},"21":{"loc":{"start":{"line":128,"column":11},"end":{"line":130,"column":5}},"type":"if","locations":[{"start":{"line":128,"column":11},"end":{"line":130,"column":5}},{"start":{},"end":{}}],"line":128},"22":{"loc":{"start":{"line":136,"column":33},"end":{"line":136,"column":47}},"type":"default-arg","locations":[{"start":{"line":136,"column":43},"end":{"line":136,"column":47}}],"line":136},"23":{"loc":{"start":{"line":138,"column":4},"end":{"line":150,"column":5}},"type":"if","locations":[{"start":{"line":138,"column":4},"end":{"line":150,"column":5}},{"start":{"line":146,"column":11},"end":{"line":150,"column":5}}],"line":138},"24":{"loc":{"start":{"line":146,"column":11},"end":{"line":150,"column":5}},"type":"if","locations":[{"start":{"line":146,"column":11},"end":{"line":150,"column":5}},{"start":{"line":148,"column":11},"end":{"line":150,"column":5}}],"line":146},"25":{"loc":{"start":{"line":146,"column":15},"end":{"line":146,"column":41}},"type":"binary-expr","locations":[{"start":{"line":146,"column":15},"end":{"line":146,"column":30}},{"start":{"line":146,"column":34},"end":{"line":146,"column":41}}],"line":146},"26":{"loc":{"start":{"line":148,"column":11},"end":{"line":150,"column":5}},"type":"if","locations":[{"start":{"line":148,"column":11},"end":{"line":150,"column":5}},{"start":{},"end":{}}],"line":148},"27":{"loc":{"start":{"line":148,"column":15},"end":{"line":148,"column":41}},"type":"binary-expr","locations":[{"start":{"line":148,"column":15},"end":{"line":148,"column":30}},{"start":{"line":148,"column":34},"end":{"line":148,"column":41}}],"line":148},"28":{"loc":{"start":{"line":170,"column":4},"end":{"line":173,"column":5}},"type":"if","locations":[{"start":{"line":170,"column":4},"end":{"line":173,"column":5}},{"start":{},"end":{}}],"line":170},"29":{"loc":{"start":{"line":176,"column":6},"end":{"line":193,"column":7}},"type":"if","locations":[{"start":{"line":176,"column":6},"end":{"line":193,"column":7}},{"start":{"line":185,"column":13},"end":{"line":193,"column":7}}],"line":176},"30":{"loc":{"start":{"line":185,"column":13},"end":{"line":193,"column":7}},"type":"if","locations":[{"start":{"line":185,"column":13},"end":{"line":193,"column":7}},{"start":{},"end":{}}],"line":185},"31":{"loc":{"start":{"line":231,"column":7},"end":{"line":236,"column":7}},"type":"binary-expr","locations":[{"start":{"line":231,"column":7},"end":{"line":231,"column":19}},{"start":{"line":232,"column":8},"end":{"line":235,"column":14}}],"line":231},"32":{"loc":{"start":{"line":233,"column":11},"end":{"line":233,"column":92}},"type":"cond-expr","locations":[{"start":{"line":233,"column":45},"end":{"line":233,"column":64}},{"start":{"line":233,"column":67},"end":{"line":233,"column":92}}],"line":233},"33":{"loc":{"start":{"line":288,"column":17},"end":{"line":332,"column":17}},"type":"cond-expr","locations":[{"start":{"line":289,"column":18},"end":{"line":293,"column":23}},{"start":{"line":295,"column":18},"end":{"line":331,"column":20}}],"line":288},"34":{"loc":{"start":{"line":337,"column":11},"end":{"line":359,"column":11}},"type":"binary-expr","locations":[{"start":{"line":337,"column":11},"end":{"line":337,"column":25}},{"start":{"line":338,"column":12},"end":{"line":358,"column":18}}],"line":337},"35":{"loc":{"start":{"line":363,"column":7},"end":{"line":475,"column":7}},"type":"binary-expr","locations":[{"start":{"line":363,"column":7},"end":{"line":363,"column":16}},{"start":{"line":363,"column":20},"end":{"line":363,"column":40}},{"start":{"line":364,"column":8},"end":{"line":474,"column":14}}],"line":363},"36":{"loc":{"start":{"line":369,"column":19},"end":{"line":369,"column":86}},"type":"cond-expr","locations":[{"start":{"line":369,"column":44},"end":{"line":369,"column":63}},{"start":{"line":369,"column":66},"end":{"line":369,"column":86}}],"line":369},"37":{"loc":{"start":{"line":386,"column":45},"end":{"line":386,"column":71}},"type":"cond-expr","locations":[{"start":{"line":386,"column":59},"end":{"line":386,"column":66}},{"start":{"line":386,"column":69},"end":{"line":386,"column":71}}],"line":386},"38":{"loc":{"start":{"line":389,"column":19},"end":{"line":389,"column":80}},"type":"binary-expr","locations":[{"start":{"line":389,"column":19},"end":{"line":389,"column":30}},{"start":{"line":389,"column":34},"end":{"line":389,"column":80}}],"line":389},"39":{"loc":{"start":{"line":402,"column":47},"end":{"line":402,"column":74}},"type":"cond-expr","locations":[{"start":{"line":402,"column":62},"end":{"line":402,"column":69}},{"start":{"line":402,"column":72},"end":{"line":402,"column":74}}],"line":402},"40":{"loc":{"start":{"line":405,"column":21},"end":{"line":405,"column":84}},"type":"binary-expr","locations":[{"start":{"line":405,"column":21},"end":{"line":405,"column":33}},{"start":{"line":405,"column":37},"end":{"line":405,"column":84}}],"line":405},"41":{"loc":{"start":{"line":417,"column":47},"end":{"line":417,"column":77}},"type":"cond-expr","locations":[{"start":{"line":417,"column":65},"end":{"line":417,"column":72}},{"start":{"line":417,"column":75},"end":{"line":417,"column":77}}],"line":417},"42":{"loc":{"start":{"line":420,"column":21},"end":{"line":420,"column":90}},"type":"binary-expr","locations":[{"start":{"line":420,"column":21},"end":{"line":420,"column":36}},{"start":{"line":420,"column":40},"end":{"line":420,"column":90}}],"line":420},"43":{"loc":{"start":{"line":432,"column":46},"end":{"line":432,"column":76}},"type":"cond-expr","locations":[{"start":{"line":432,"column":64},"end":{"line":432,"column":71}},{"start":{"line":432,"column":74},"end":{"line":432,"column":76}}],"line":432},"44":{"loc":{"start":{"line":439,"column":19},"end":{"line":439,"column":88}},"type":"binary-expr","locations":[{"start":{"line":439,"column":19},"end":{"line":439,"column":34}},{"start":{"line":439,"column":38},"end":{"line":439,"column":88}}],"line":439},"45":{"loc":{"start":{"line":451,"column":48},"end":{"line":451,"column":81}},"type":"cond-expr","locations":[{"start":{"line":451,"column":69},"end":{"line":451,"column":76}},{"start":{"line":451,"column":79},"end":{"line":451,"column":81}}],"line":451},"46":{"loc":{"start":{"line":454,"column":19},"end":{"line":454,"column":94}},"type":"binary-expr","locations":[{"start":{"line":454,"column":19},"end":{"line":454,"column":37}},{"start":{"line":454,"column":41},"end":{"line":454,"column":94}}],"line":454},"47":{"loc":{"start":{"line":463,"column":19},"end":{"line":463,"column":72}},"type":"cond-expr","locations":[{"start":{"line":463,"column":44},"end":{"line":463,"column":59}},{"start":{"line":463,"column":62},"end":{"line":463,"column":72}}],"line":463},"48":{"loc":{"start":{"line":477,"column":7},"end":{"line":541,"column":7}},"type":"binary-expr","locations":[{"start":{"line":477,"column":7},"end":{"line":477,"column":16}},{"start":{"line":477,"column":20},"end":{"line":477,"column":40}},{"start":{"line":477,"column":44},"end":{"line":477,"column":59}},{"start":{"line":478,"column":8},"end":{"line":540,"column":14}}],"line":477},"49":{"loc":{"start":{"line":543,"column":7},"end":{"line":576,"column":7}},"type":"binary-expr","locations":[{"start":{"line":543,"column":7},"end":{"line":543,"column":24}},{"start":{"line":544,"column":8},"end":{"line":575,"column":14}}],"line":543}},"s":{"0":2,"1":89,"2":89,"3":89,"4":89,"5":89,"6":89,"7":89,"8":89,"9":89,"10":89,"11":89,"12":89,"13":89,"14":89,"15":89,"16":89,"17":23,"18":89,"19":52,"20":52,"21":6,"22":0,"23":52,"24":0,"25":0,"26":52,"27":52,"28":89,"29":23,"30":23,"31":23,"32":0,"33":23,"34":0,"35":0,"36":0,"37":0,"38":23,"39":0,"40":0,"41":0,"42":89,"43":0,"44":0,"45":0,"46":89,"47":0,"48":0,"49":0,"50":0,"51":0,"52":0,"53":0,"54":0,"55":0,"56":0,"57":0,"58":0,"59":0,"60":0,"61":0,"62":0,"63":0,"64":0,"65":0,"66":0,"67":0,"68":0,"69":0,"70":0,"71":0,"72":0,"73":0,"74":0,"75":0,"76":0,"77":0,"78":89,"79":8,"80":8,"81":8,"82":0,"83":0,"84":0,"85":0,"86":8,"87":8,"88":89,"89":0,"90":0,"91":0,"92":0,"93":89,"94":0,"95":0,"96":0,"97":0,"98":0,"99":0,"100":0,"101":0,"102":0,"103":0,"104":0,"105":0,"106":0,"107":0,"108":0,"109":0,"110":89,"111":0,"112":0,"113":0,"114":0,"115":0,"116":0,"117":0,"118":0,"119":89,"120":0,"121":0,"122":89,"123":89,"124":89,"125":89,"126":8,"127":6,"128":0,"129":445,"130":0,"131":0,"132":0,"133":0,"134":0,"135":0,"136":0,"137":0,"138":0,"139":0,"140":0,"141":0,"142":40,"143":0,"144":0,"145":0,"146":0,"147":0},"f":{"0":89,"1":23,"2":52,"3":0,"4":0,"5":23,"6":0,"7":0,"8":0,"9":0,"10":0,"11":0,"12":8,"13":0,"14":0,"15":0,"16":0,"17":8,"18":6,"19":0,"20":445,"21":0,"22":0,"23":0,"24":0,"25":0,"26":0,"27":0,"28":0,"29":0,"30":0,"31":0,"32":0,"33":40,"34":0,"35":0,"36":0},"b":{"0":[6,46],"1":[0,52],"2":[0,0],"3":[0],"4":[0,0],"5":[0,0],"6":[0,0],"7":[0,0],"8":[0,0],"9":[0,0,0],"10":[0,0],"11":[0,0],"12":[0,0],"13":[0,0],"14":[0,0,0],"15":[0,0],"16":[0,0],"17":[0,0],"18":[0,0],"19":[0,0],"20":[0,0],"21":[0,0],"22":[8],"23":[8,0],"24":[0,0],"25":[0,0],"26":[0,0],"27":[0,0],"28":[0,0],"29":[0,0],"30":[0,0],"31":[89,0],"32":[0,0],"33":[89,0],"34":[89,0],"35":[89,8,8],"36":[8,0],"37":[0,8],"38":[8,0],"39":[0,8],"40":[8,0],"41":[0,8],"42":[8,0],"43":[0,8],"44":[8,0],"45":[0,8],"46":[8,0],"47":[8,0],"48":[89,8,0,0],"49":[89,0]},"_coverageSchema":"1a1c01bbd47fc00a2c39e90264f33305004495a9","hash":"a31feab267c6687260d86725e4f6223398cc511b"}
,"D:\\Web\\KiemThuPhanMem\\Ktpm\\Software-Testing\\frontend\\src\\services\\authService.js": {"path":"D:\\Web\\KiemThuPhanMem\\Ktpm\\Software-Testing\\frontend\\src\\services\\authService.js","statementMap":{"0":{"start":{"line":11,"column":21},"end":{"line":38,"column":1}},"1":{"start":{"line":12,"column":2},"end":{"line":37,"column":3}},"2":{"start":{"line":22,"column":4},"end":{"line":34,"column":7}},"3":{"start":{"line":23,"column":6},"end":{"line":33,"column":14}},"4":{"start":{"line":24,"column":8},"end":{"line":32,"column":9}},"5":{"start":{"line":25,"column":10},"end":{"line":29,"column":13}},"6":{"start":{"line":31,"column":10},"end":{"line":31,"column":51}},"7":{"start":{"line":36,"column":4},"end":{"line":36,"column":16}},"8":{"start":{"line":44,"column":22},"end":{"line":54,"column":1}},"9":{"start":{"line":45,"column":2},"end":{"line":53,"column":3}},"10":{"start":{"line":46,"column":4},"end":{"line":50,"column":7}},"11":{"start":{"line":47,"column":6},"end":{"line":49,"column":14}},"12":{"start":{"line":48,"column":8},"end":{"line":48,"column":71}},"13":{"start":{"line":52,"column":4},"end":{"line":52,"column":16}},"14":{"start":{"line":63,"column":24},"end":{"line":81,"column":1}},"15":{"start":{"line":64,"column":2},"end":{"line":80,"column":3}},"16":{"start":{"line":65,"column":4},"end":{"line":77,"column":7}},"17":{"start":{"line":66,"column":6},"end":{"line":76,"column":14}},"18":{"start":{"line":67,"column":8},"end":{"line":75,"column":9}},"19":{"start":{"line":68,"column":10},"end":{"line":72,"column":13}},"20":{"start":{"line":74,"column":10},"end":{"line":74,"column":57}},"21":{"start":{"line":79,"column":4},"end":{"line":79,"column":16}}},"fnMap":{"0":{"name":"(anonymous_0)","decl":{"start":{"line":11,"column":21},"end":{"line":11,"column":22}},"loc":{"start":{"line":11,"column":48},"end":{"line":38,"column":1}},"line":11},"1":{"name":"(anonymous_1)","decl":{"start":{"line":22,"column":23},"end":{"line":22,"column":24}},"loc":{"start":{"line":22,"column":44},"end":{"line":34,"column":5}},"line":22},"2":{"name":"(anonymous_2)","decl":{"start":{"line":23,"column":17},"end":{"line":23,"column":18}},"loc":{"start":{"line":23,"column":23},"end":{"line":33,"column":7}},"line":23},"3":{"name":"(anonymous_3)","decl":{"start":{"line":44,"column":22},"end":{"line":44,"column":23}},"loc":{"start":{"line":44,"column":34},"end":{"line":54,"column":1}},"line":44},"4":{"name":"(anonymous_4)","decl":{"start":{"line":46,"column":23},"end":{"line":46,"column":24}},"loc":{"start":{"line":46,"column":36},"end":{"line":50,"column":5}},"line":46},"5":{"name":"(anonymous_5)","decl":{"start":{"line":47,"column":17},"end":{"line":47,"column":18}},"loc":{"start":{"line":47,"column":23},"end":{"line":49,"column":7}},"line":47},"6":{"name":"(anonymous_6)","decl":{"start":{"line":63,"column":24},"end":{"line":63,"column":25}},"loc":{"start":{"line":63,"column":57},"end":{"line":81,"column":1}},"line":63},"7":{"name":"(anonymous_7)","decl":{"start":{"line":65,"column":23},"end":{"line":65,"column":24}},"loc":{"start":{"line":65,"column":44},"end":{"line":77,"column":5}},"line":65},"8":{"name":"(anonymous_8)","decl":{"start":{"line":66,"column":17},"end":{"line":66,"column":18}},"loc":{"start":{"line":66,"column":23},"end":{"line":76,"column":7}},"line":66}},"branchMap":{"0":{"loc":{"start":{"line":24,"column":8},"end":{"line":32,"column":9}},"type":"if","locations":[{"start":{"line":24,"column":8},"end":{"line":32,"column":9}},{"start":{"line":30,"column":15},"end":{"line":32,"column":9}}],"line":24},"1":{"loc":{"start":{"line":24,"column":12},"end":{"line":24,"column":52}},"type":"binary-expr","locations":[{"start":{"line":24,"column":12},"end":{"line":24,"column":17}},{"start":{"line":24,"column":21},"end":{"line":24,"column":29}},{"start":{"line":24,"column":33},"end":{"line":24,"column":52}}],"line":24},"2":{"loc":{"start":{"line":67,"column":8},"end":{"line":75,"column":9}},"type":"if","locations":[{"start":{"line":67,"column":8},"end":{"line":75,"column":9}},{"start":{"line":73,"column":15},"end":{"line":75,"column":9}}],"line":67},"3":{"loc":{"start":{"line":67,"column":12},"end":{"line":67,"column":60}},"type":"binary-expr","locations":[{"start":{"line":67,"column":12},"end":{"line":67,"column":17}},{"start":{"line":67,"column":21},"end":{"line":67,"column":29}},{"start":{"line":67,"column":33},"end":{"line":67,"column":37}},{"start":{"line":67,"column":41},"end":{"line":67,"column":60}}],"line":67}},"s":{"0":2,"1":0,"2":0,"3":0,"4":0,"5":0,"6":0,"7":0,"8":2,"9":0,"10":0,"11":0,"12":0,"13":0,"14":2,"15":0,"16":0,"17":0,"18":0,"19":0,"20":0,"21":0},"f":{"0":0,"1":0,"2":0,"3":0,"4":0,"5":0,"6":0,"7":0,"8":0},"b":{"0":[0,0],"1":[0,0,0],"2":[0,0],"3":[0,0,0,0]},"_coverageSchema":"1a1c01bbd47fc00a2c39e90264f33305004495a9","hash":"f1c703d5d7f2d3636e43a68b835056216799130f"}
,"D:\\Web\\KiemThuPhanMem\\Ktpm\\Software-Testing\\frontend\\src\\services\\productService.js": {"path":"D:\\Web\\KiemThuPhanMem\\Ktpm\\Software-Testing\\frontend\\src\\services\\productService.js","statementMap":{"0":{"start":{"line":9,"column":30},"end":{"line":26,"column":1}},"1":{"start":{"line":10,"column":2},"end":{"line":25,"column":3}},"2":{"start":{"line":12,"column":4},"end":{"line":22,"column":7}},"3":{"start":{"line":13,"column":6},"end":{"line":21,"column":14}},"4":{"start":{"line":14,"column":8},"end":{"line":20,"column":11}},"5":{"start":{"line":24,"column":4},"end":{"line":24,"column":16}},"6":{"start":{"line":33,"column":30},"end":{"line":50,"column":1}},"7":{"start":{"line":34,"column":2},"end":{"line":49,"column":3}},"8":{"start":{"line":35,"column":4},"end":{"line":46,"column":7}},"9":{"start":{"line":36,"column":6},"end":{"line":45,"column":14}},"10":{"start":{"line":37,"column":8},"end":{"line":44,"column":9}},"11":{"start":{"line":38,"column":10},"end":{"line":41,"column":13}},"12":{"start":{"line":43,"column":10},"end":{"line":43,"column":49}},"13":{"start":{"line":48,"column":4},"end":{"line":48,"column":16}},"14":{"start":{"line":57,"column":29},"end":{"line":74,"column":1}},"15":{"start":{"line":58,"column":2},"end":{"line":73,"column":3}},"16":{"start":{"line":59,"column":4},"end":{"line":70,"column":7}},"17":{"start":{"line":60,"column":6},"end":{"line":69,"column":14}},"18":{"start":{"line":61,"column":8},"end":{"line":68,"column":9}},"19":{"start":{"line":62,"column":10},"end":{"line":65,"column":13}},"20":{"start":{"line":67,"column":10},"end":{"line":67,"column":52}},"21":{"start":{"line":72,"column":4},"end":{"line":72,"column":16}},"22":{"start":{"line":82,"column":29},"end":{"line":99,"column":1}},"23":{"start":{"line":83,"column":2},"end":{"line":98,"column":3}},"24":{"start":{"line":84,"column":4},"end":{"line":95,"column":7}},"25":{"start":{"line":85,"column":6},"end":{"line":94,"column":14}},"26":{"start":{"line":86,"column":8},"end":{"line":93,"column":9}},"27":{"start":{"line":87,"column":10},"end":{"line":90,"column":13}},"28":{"start":{"line":92,"column":10},"end":{"line":92,"column":51}},"29":{"start":{"line":97,"column":4},"end":{"line":97,"column":16}},"30":{"start":{"line":106,"column":29},"end":{"line":123,"column":1}},"31":{"start":{"line":107,"column":2},"end":{"line":122,"column":3}},"32":{"start":{"line":108,"column":4},"end":{"line":119,"column":7}},"33":{"start":{"line":109,"column":6},"end":{"line":118,"column":14}},"34":{"start":{"line":110,"column":8},"end":{"line":117,"column":9}},"35":{"start":{"line":111,"column":10},"end":{"line":114,"column":13}},"36":{"start":{"line":116,"column":10},"end":{"line":116,"column":50}},"37":{"start":{"line":121,"column":4},"end":{"line":121,"column":16}}},"fnMap":{"0":{"name":"(anonymous_0)","decl":{"start":{"line":9,"column":30},"end":{"line":9,"column":31}},"loc":{"start":{"line":9,"column":42},"end":{"line":26,"column":1}},"line":9},"1":{"name":"(anonymous_1)","decl":{"start":{"line":12,"column":23},"end":{"line":12,"column":24}},"loc":{"start":{"line":12,"column":36},"end":{"line":22,"column":5}},"line":12},"2":{"name":"(anonymous_2)","decl":{"start":{"line":13,"column":17},"end":{"line":13,"column":18}},"loc":{"start":{"line":13,"column":23},"end":{"line":21,"column":7}},"line":13},"3":{"name":"(anonymous_3)","decl":{"start":{"line":33,"column":30},"end":{"line":33,"column":31}},"loc":{"start":{"line":33,"column":44},"end":{"line":50,"column":1}},"line":33},"4":{"name":"(anonymous_4)","decl":{"start":{"line":35,"column":23},"end":{"line":35,"column":24}},"loc":{"start":{"line":35,"column":44},"end":{"line":46,"column":5}},"line":35},"5":{"name":"(anonymous_5)","decl":{"start":{"line":36,"column":17},"end":{"line":36,"column":18}},"loc":{"start":{"line":36,"column":23},"end":{"line":45,"column":7}},"line":36},"6":{"name":"(anonymous_6)","decl":{"start":{"line":57,"column":29},"end":{"line":57,"column":30}},"loc":{"start":{"line":57,"column":48},"end":{"line":74,"column":1}},"line":57},"7":{"name":"(anonymous_7)","decl":{"start":{"line":59,"column":23},"end":{"line":59,"column":24}},"loc":{"start":{"line":59,"column":44},"end":{"line":70,"column":5}},"line":59},"8":{"name":"(anonymous_8)","decl":{"start":{"line":60,"column":17},"end":{"line":60,"column":18}},"loc":{"start":{"line":60,"column":23},"end":{"line":69,"column":7}},"line":60},"9":{"name":"(anonymous_9)","decl":{"start":{"line":82,"column":29},"end":{"line":82,"column":30}},"loc":{"start":{"line":82,"column":52},"end":{"line":99,"column":1}},"line":82},"10":{"name":"(anonymous_10)","decl":{"start":{"line":84,"column":23},"end":{"line":84,"column":24}},"loc":{"start":{"line":84,"column":44},"end":{"line":95,"column":5}},"line":84},"11":{"name":"(anonymous_11)","decl":{"start":{"line":85,"column":17},"end":{"line":85,"column":18}},"loc":{"start":{"line":85,"column":23},"end":{"line":94,"column":7}},"line":85},"12":{"name":"(anonymous_12)","decl":{"start":{"line":106,"column":29},"end":{"line":106,"column":30}},"loc":{"start":{"line":106,"column":43},"end":{"line":123,"column":1}},"line":106},"13":{"name":"(anonymous_13)","decl":{"start":{"line":108,"column":23},"end":{"line":108,"column":24}},"loc":{"start":{"line":108,"column":44},"end":{"line":119,"column":5}},"line":108},"14":{"name":"(anonymous_14)","decl":{"start":{"line":109,"column":17},"end":{"line":109,"column":18}},"loc":{"start":{"line":109,"column":23},"end":{"line":118,"column":7}},"line":109}},"branchMap":{"0":{"loc":{"start":{"line":37,"column":8},"end":{"line":44,"column":9}},"type":"if","locations":[{"start":{"line":37,"column":8},"end":{"line":44,"column":9}},{"start":{"line":42,"column":15},"end":{"line":44,"column":9}}],"line":37},"1":{"loc":{"start":{"line":61,"column":8},"end":{"line":68,"column":9}},"type":"if","locations":[{"start":{"line":61,"column":8},"end":{"line":68,"column":9}},{"start":{"line":66,"column":15},"end":{"line":68,"column":9}}],"line":61},"2":{"loc":{"start":{"line":61,"column":12},"end":{"line":61,"column":52}},"type":"binary-expr","locations":[{"start":{"line":61,"column":12},"end":{"line":61,"column":19}},{"start":{"line":61,"column":23},"end":{"line":61,"column":35}},{"start":{"line":61,"column":39},"end":{"line":61,"column":52}}],"line":61},"3":{"loc":{"start":{"line":86,"column":8},"end":{"line":93,"column":9}},"type":"if","locations":[{"start":{"line":86,"column":8},"end":{"line":93,"column":9}},{"start":{"line":91,"column":15},"end":{"line":93,"column":9}}],"line":86},"4":{"loc":{"start":{"line":86,"column":12},"end":{"line":86,"column":25}},"type":"binary-expr","locations":[{"start":{"line":86,"column":12},"end":{"line":86,"column":14}},{"start":{"line":86,"column":18},"end":{"line":86,"column":25}}],"line":86},"5":{"loc":{"start":{"line":110,"column":8},"end":{"line":117,"column":9}},"type":"if","locations":[{"start":{"line":110,"column":8},"end":{"line":117,"column":9}},{"start":{"line":115,"column":15},"end":{"line":117,"column":9}}],"line":110}},"s":{"0":1,"1":0,"2":0,"3":0,"4":0,"5":0,"6":1,"7":0,"8":0,"9":0,"10":0,"11":0,"12":0,"13":0,"14":1,"15":0,"16":0,"17":0,"18":0,"19":0,"20":0,"21":0,"22":1,"23":0,"24":0,"25":0,"26":0,"27":0,"28":0,"29":0,"30":1,"31":0,"32":0,"33":0,"34":0,"35":0,"36":0,"37":0},"f":{"0":0,"1":0,"2":0,"3":0,"4":0,"5":0,"6":0,"7":0,"8":0,"9":0,"10":0,"11":0,"12":0,"13":0,"14":0},"b":{"0":[0,0],"1":[0,0],"2":[0,0,0],"3":[0,0],"4":[0,0],"5":[0,0]},"_coverageSchema":"1a1c01bbd47fc00a2c39e90264f33305004495a9","hash":"377f351b0f32dc6d0fa1945a27befd5f07379196"}
,"D:\\Web\\KiemThuPhanMem\\Ktpm\\Software-Testing\\frontend\\src\\utils\\vailidation.js": {"path":"D:\\Web\\KiemThuPhanMem\\Ktpm\\Software-Testing\\frontend\\src\\utils\\vailidation.js","statementMap":{"0":{"start":{"line":11,"column":32},"end":{"line":44,"column":1}},"1":{"start":{"line":13,"column":2},"end":{"line":18,"column":3}},"2":{"start":{"line":14,"column":4},"end":{"line":17,"column":6}},"3":{"start":{"line":20,"column":2},"end":{"line":25,"column":3}},"4":{"start":{"line":21,"column":4},"end":{"line":24,"column":6}},"5":{"start":{"line":26,"column":2},"end":{"line":31,"column":3}},"6":{"start":{"line":27,"column":4},"end":{"line":30,"column":6}},"7":{"start":{"line":33,"column":23},"end":{"line":33,"column":39}},"8":{"start":{"line":34,"column":2},"end":{"line":39,"column":3}},"9":{"start":{"line":35,"column":4},"end":{"line":38,"column":6}},"10":{"start":{"line":40,"column":2},"end":{"line":43,"column":4}},"11":{"start":{"line":56,"column":32},"end":{"line":97,"column":1}},"12":{"start":{"line":58,"column":2},"end":{"line":63,"column":3}},"13":{"start":{"line":59,"column":4},"end":{"line":62,"column":6}},"14":{"start":{"line":65,"column":2},"end":{"line":70,"column":3}},"15":{"start":{"line":66,"column":4},"end":{"line":69,"column":6}},"16":{"start":{"line":71,"column":2},"end":{"line":76,"column":3}},"17":{"start":{"line":72,"column":4},"end":{"line":75,"column":6}},"18":{"start":{"line":78,"column":20},"end":{"line":78,"column":45}},"19":{"start":{"line":79,"column":2},"end":{"line":84,"column":3}},"20":{"start":{"line":80,"column":4},"end":{"line":83,"column":6}},"21":{"start":{"line":86,"column":20},"end":{"line":86,"column":42}},"22":{"start":{"line":87,"column":2},"end":{"line":92,"column":3}},"23":{"start":{"line":88,"column":4},"end":{"line":91,"column":6}},"24":{"start":{"line":93,"column":2},"end":{"line":96,"column":4}}},"fnMap":{"0":{"name":"(anonymous_0)","decl":{"start":{"line":11,"column":32},"end":{"line":11,"column":33}},"loc":{"start":{"line":11,"column":46},"end":{"line":44,"column":1}},"line":11},"1":{"name":"(anonymous_1)","decl":{"start":{"line":56,"column":32},"end":{"line":56,"column":33}},"loc":{"start":{"line":56,"column":46},"end":{"line":97,"column":1}},"line":56}},"branchMap":{"0":{"loc":{"start":{"line":13,"column":2},"end":{"line":18,"column":3}},"type":"if","locations":[{"start":{"line":13,"column":2},"end":{"line":18,"column":3}},{"start":{},"end":{}}],"line":13},"1":{"loc":{"start":{"line":13,"column":6},"end":{"line":13,"column":47}},"type":"binary-expr","locations":[{"start":{"line":13,"column":6},"end":{"line":13,"column":15}},{"start":{"line":13,"column":19},"end":{"line":13,"column":47}}],"line":13},"2":{"loc":{"start":{"line":20,"column":2},"end":{"line":25,"column":3}},"type":"if","locations":[{"start":{"line":20,"column":2},"end":{"line":25,"column":3}},{"start":{},"end":{}}],"line":20},"3":{"loc":{"start":{"line":26,"column":2},"end":{"line":31,"column":3}},"type":"if","locations":[{"start":{"line":26,"column":2},"end":{"line":31,"column":3}},{"start":{},"end":{}}],"line":26},"4":{"loc":{"start":{"line":34,"column":2},"end":{"line":39,"column":3}},"type":"if","locations":[{"start":{"line":34,"column":2},"end":{"line":39,"column":3}},{"start":{},"end":{}}],"line":34},"5":{"loc":{"start":{"line":58,"column":2},"end":{"line":63,"column":3}},"type":"if","locations":[{"start":{"line":58,"column":2},"end":{"line":63,"column":3}},{"start":{},"end":{}}],"line":58},"6":{"loc":{"start":{"line":58,"column":6},"end":{"line":58,"column":40}},"type":"binary-expr","locations":[{"start":{"line":58,"column":6},"end":{"line":58,"column":15}},{"start":{"line":58,"column":19},"end":{"line":58,"column":40}}],"line":58},"7":{"loc":{"start":{"line":65,"column":2},"end":{"line":70,"column":3}},"type":"if","locations":[{"start":{"line":65,"column":2},"end":{"line":70,"column":3}},{"start":{},"end":{}}],"line":65},"8":{"loc":{"start":{"line":71,"column":2},"end":{"line":76,"column":3}},"type":"if","locations":[{"start":{"line":71,"column":2},"end":{"line":76,"column":3}},{"start":{},"end":{}}],"line":71},"9":{"loc":{"start":{"line":79,"column":2},"end":{"line":84,"column":3}},"type":"if","locations":[{"start":{"line":79,"column":2},"end":{"line":84,"column":3}},{"start":{},"end":{}}],"line":79},"10":{"loc":{"start":{"line":87,"column":2},"end":{"line":92,"column":3}},"type":"if","locations":[{"start":{"line":87,"column":2},"end":{"line":92,"column":3}},{"start":{},"end":{}}],"line":87}},"s":{"0":1,"1":18,"2":3,"3":15,"4":1,"5":14,"6":1,"7":13,"8":13,"9":4,"10":9,"11":1,"12":18,"13":3,"14":15,"15":1,"16":14,"17":1,"18":13,"19":13,"20":2,"21":11,"22":11,"23":2,"24":9},"f":{"0":18,"1":18},"b":{"0":[3,15],"1":[18,16],"2":[1,14],"3":[1,13],"4":[4,9],"5":[3,15],"6":[18,15],"7":[1,14],"8":[1,13],"9":[2,11],"10":[2,9]},"_coverageSchema":"1a1c01bbd47fc00a2c39e90264f33305004495a9","hash":"5268c5e4c63bf7f9efb86f5ced8bcd5100a294e8"}
,"D:\\Web\\KiemThuPhanMem\\Ktpm\\Software-Testing\\frontend\\src\\utils\\validateProduct.js": {"path":"D:\\Web\\KiemThuPhanMem\\Ktpm\\Software-Testing\\frontend\\src\\utils\\validateProduct.js","statementMap":{"0":{"start":{"line":1,"column":31},"end":{"line":66,"column":1}},"1":{"start":{"line":2,"column":17},"end":{"line":2,"column":19}},"2":{"start":{"line":5,"column":2},"end":{"line":11,"column":3}},"3":{"start":{"line":6,"column":4},"end":{"line":6,"column":53}},"4":{"start":{"line":7,"column":9},"end":{"line":11,"column":3}},"5":{"start":{"line":8,"column":4},"end":{"line":8,"column":57}},"6":{"start":{"line":9,"column":9},"end":{"line":11,"column":3}},"7":{"start":{"line":10,"column":4},"end":{"line":10,"column":63}},"8":{"start":{"line":14,"column":2},"end":{"line":27,"column":3}},"9":{"start":{"line":15,"column":4},"end":{"line":15,"column":54}},"10":{"start":{"line":17,"column":21},"end":{"line":17,"column":42}},"11":{"start":{"line":18,"column":4},"end":{"line":26,"column":5}},"12":{"start":{"line":19,"column":6},"end":{"line":19,"column":47}},"13":{"start":{"line":20,"column":11},"end":{"line":26,"column":5}},"14":{"start":{"line":21,"column":6},"end":{"line":21,"column":50}},"15":{"start":{"line":22,"column":11},"end":{"line":26,"column":5}},"16":{"start":{"line":23,"column":6},"end":{"line":23,"column":51}},"17":{"start":{"line":24,"column":11},"end":{"line":26,"column":5}},"18":{"start":{"line":25,"column":6},"end":{"line":25,"column":61}},"19":{"start":{"line":30,"column":2},"end":{"line":43,"column":3}},"20":{"start":{"line":31,"column":4},"end":{"line":31,"column":53}},"21":{"start":{"line":33,"column":24},"end":{"line":33,"column":48}},"22":{"start":{"line":34,"column":4},"end":{"line":42,"column":5}},"23":{"start":{"line":35,"column":6},"end":{"line":35,"column":46}},"24":{"start":{"line":36,"column":11},"end":{"line":42,"column":5}},"25":{"start":{"line":37,"column":6},"end":{"line":37,"column":53}},"26":{"start":{"line":38,"column":11},"end":{"line":42,"column":5}},"27":{"start":{"line":39,"column":6},"end":{"line":39,"column":49}},"28":{"start":{"line":40,"column":11},"end":{"line":42,"column":5}},"29":{"start":{"line":41,"column":6},"end":{"line":41,"column":61}},"30":{"start":{"line":46,"column":2},"end":{"line":52,"column":3}},"31":{"start":{"line":47,"column":4},"end":{"line":47,"column":53}},"32":{"start":{"line":48,"column":9},"end":{"line":52,"column":3}},"33":{"start":{"line":49,"column":4},"end":{"line":49,"column":58}},"34":{"start":{"line":50,"column":9},"end":{"line":52,"column":3}},"35":{"start":{"line":51,"column":4},"end":{"line":51,"column":63}},"36":{"start":{"line":55,"column":26},"end":{"line":55,"column":79}},"37":{"start":{"line":56,"column":2},"end":{"line":60,"column":3}},"38":{"start":{"line":57,"column":4},"end":{"line":57,"column":53}},"39":{"start":{"line":58,"column":9},"end":{"line":60,"column":3}},"40":{"start":{"line":59,"column":4},"end":{"line":59,"column":46}},"41":{"start":{"line":62,"column":2},"end":{"line":65,"column":4}}},"fnMap":{"0":{"name":"(anonymous_0)","decl":{"start":{"line":1,"column":31},"end":{"line":1,"column":32}},"loc":{"start":{"line":1,"column":44},"end":{"line":66,"column":1}},"line":1}},"branchMap":{"0":{"loc":{"start":{"line":5,"column":2},"end":{"line":11,"column":3}},"type":"if","locations":[{"start":{"line":5,"column":2},"end":{"line":11,"column":3}},{"start":{"line":7,"column":9},"end":{"line":11,"column":3}}],"line":5},"1":{"loc":{"start":{"line":5,"column":6},"end":{"line":5,"column":49}},"type":"binary-expr","locations":[{"start":{"line":5,"column":6},"end":{"line":5,"column":19}},{"start":{"line":5,"column":23},"end":{"line":5,"column":49}}],"line":5},"2":{"loc":{"start":{"line":7,"column":9},"end":{"line":11,"column":3}},"type":"if","locations":[{"start":{"line":7,"column":9},"end":{"line":11,"column":3}},{"start":{"line":9,"column":9},"end":{"line":11,"column":3}}],"line":7},"3":{"loc":{"start":{"line":9,"column":9},"end":{"line":11,"column":3}},"type":"if","locations":[{"start":{"line":9,"column":9},"end":{"line":11,"column":3}},{"start":{},"end":{}}],"line":9},"4":{"loc":{"start":{"line":14,"column":2},"end":{"line":27,"column":3}},"type":"if","locations":[{"start":{"line":14,"column":2},"end":{"line":27,"column":3}},{"start":{"line":16,"column":9},"end":{"line":27,"column":3}}],"line":14},"5":{"loc":{"start":{"line":14,"column":6},"end":{"line":14,"column":83}},"type":"binary-expr","locations":[{"start":{"line":14,"column":6},"end":{"line":14,"column":33}},{"start":{"line":14,"column":37},"end":{"line":14,"column":59}},{"start":{"line":14,"column":63},"end":{"line":14,"column":83}}],"line":14},"6":{"loc":{"start":{"line":18,"column":4},"end":{"line":26,"column":5}},"type":"if","locations":[{"start":{"line":18,"column":4},"end":{"line":26,"column":5}},{"start":{"line":20,"column":11},"end":{"line":26,"column":5}}],"line":18},"7":{"loc":{"start":{"line":20,"column":11},"end":{"line":26,"column":5}},"type":"if","locations":[{"start":{"line":20,"column":11},"end":{"line":26,"column":5}},{"start":{"line":22,"column":11},"end":{"line":26,"column":5}}],"line":20},"8":{"loc":{"start":{"line":22,"column":11},"end":{"line":26,"column":5}},"type":"if","locations":[{"start":{"line":22,"column":11},"end":{"line":26,"column":5}},{"start":{"line":24,"column":11},"end":{"line":26,"column":5}}],"line":22},"9":{"loc":{"start":{"line":24,"column":11},"end":{"line":26,"column":5}},"type":"if","locations":[{"start":{"line":24,"column":11},"end":{"line":26,"column":5}},{"start":{},"end":{}}],"line":24},"10":{"loc":{"start":{"line":30,"column":2},"end":{"line":43,"column":3}},"type":"if","locations":[{"start":{"line":30,"column":2},"end":{"line":43,"column":3}},{"start":{"line":32,"column":9},"end":{"line":43,"column":3}}],"line":30},"11":{"loc":{"start":{"line":30,"column":6},"end":{"line":30,"column":92}},"type":"binary-expr","locations":[{"start":{"line":30,"column":6},"end":{"line":30,"column":36}},{"start":{"line":30,"column":40},"end":{"line":30,"column":65}},{"start":{"line":30,"column":69},"end":{"line":30,"column":92}}],"line":30},"12":{"loc":{"start":{"line":34,"column":4},"end":{"line":42,"column":5}},"type":"if","locations":[{"start":{"line":34,"column":4},"end":{"line":42,"column":5}},{"start":{"line":36,"column":11},"end":{"line":42,"column":5}}],"line":34},"13":{"loc":{"start":{"line":36,"column":11},"end":{"line":42,"column":5}},"type":"if","locations":[{"start":{"line":36,"column":11},"end":{"line":42,"column":5}},{"start":{"line":38,"column":11},"end":{"line":42,"column":5}}],"line":36},"14":{"loc":{"start":{"line":38,"column":11},"end":{"line":42,"column":5}},"type":"if","locations":[{"start":{"line":38,"column":11},"end":{"line":42,"column":5}},{"start":{"line":40,"column":11},"end":{"line":42,"column":5}}],"line":38},"15":{"loc":{"start":{"line":40,"column":11},"end":{"line":42,"column":5}},"type":"if","locations":[{"start":{"line":40,"column":11},"end":{"line":42,"column":5}},{"start":{},"end":{}}],"line":40},"16":{"loc":{"start":{"line":46,"column":2},"end":{"line":52,"column":3}},"type":"if","locations":[{"start":{"line":46,"column":2},"end":{"line":52,"column":3}},{"start":{"line":48,"column":9},"end":{"line":52,"column":3}}],"line":46},"17":{"loc":{"start":{"line":46,"column":6},"end":{"line":46,"column":63}},"type":"binary-expr","locations":[{"start":{"line":46,"column":6},"end":{"line":46,"column":26}},{"start":{"line":46,"column":30},"end":{"line":46,"column":63}}],"line":46},"18":{"loc":{"start":{"line":48,"column":9},"end":{"line":52,"column":3}},"type":"if","locations":[{"start":{"line":48,"column":9},"end":{"line":52,"column":3}},{"start":{"line":50,"column":9},"end":{"line":52,"column":3}}],"line":48},"19":{"loc":{"start":{"line":50,"column":9},"end":{"line":52,"column":3}},"type":"if","locations":[{"start":{"line":50,"column":9},"end":{"line":52,"column":3}},{"start":{},"end":{}}],"line":50},"20":{"loc":{"start":{"line":56,"column":2},"end":{"line":60,"column":3}},"type":"if","locations":[{"start":{"line":56,"column":2},"end":{"line":60,"column":3}},{"start":{"line":58,"column":9},"end":{"line":60,"column":3}}],"line":56},"21":{"loc":{"start":{"line":56,"column":6},"end":{"line":56,"column":57}},"type":"binary-expr","locations":[{"start":{"line":56,"column":6},"end":{"line":56,"column":23}},{"start":{"line":56,"column":27},"end":{"line":56,"column":57}}],"line":56},"22":{"loc":{"start":{"line":58,"column":9},"end":{"line":60,"column":3}},"type":"if","locations":[{"start":{"line":58,"column":9},"end":{"line":60,"column":3}},{"start":{},"end":{}}],"line":58}},"s":{"0":1,"1":44,"2":44,"3":3,"4":41,"5":1,"6":40,"7":1,"8":44,"9":3,"10":41,"11":41,"12":1,"13":40,"14":2,"15":38,"16":1,"17":37,"18":1,"19":44,"20":3,"21":41,"22":41,"23":2,"24":39,"25":1,"26":38,"27":1,"28":37,"29":1,"30":44,"31":2,"32":42,"33":2,"34":40,"35":1,"36":44,"37":44,"38":3,"39":41,"40":1,"41":44},"f":{"0":44},"b":{"0":[3,41],"1":[44,42],"2":[1,40],"3":[1,39],"4":[3,41],"5":[44,43,42],"6":[1,40],"7":[2,38],"8":[1,37],"9":[1,36],"10":[3,41],"11":[44,43,42],"12":[2,39],"13":[1,38],"14":[1,37],"15":[1,36],"16":[2,42],"17":[44,43],"18":[2,40],"19":[1,39],"20":[3,41],"21":[44,42],"22":[1,40]},"_coverageSchema":"1a1c01bbd47fc00a2c39e90264f33305004495a9","hash":"954f1ece77e4ae1d4b6765c1e330c8fdf0bf1ab7"}
}
