{"D:\\Web\\KiemThuPhanMem\\Ktpm\\Software-Testing\\frontend\\src\\tests\\vailidation.js": {"path":"D:\\Web\\KiemThuPhanMem\\Ktpm\\Software-Testing\\frontend\\src\\tests\\vailidation.js","statementMap":{"0":{"start":{"line":11,"column":32},"end":{"line":44,"column":1}},"1":{"start":{"line":13,"column":2},"end":{"line":18,"column":3}},"2":{"start":{"line":14,"column":4},"end":{"line":17,"column":6}},"3":{"start":{"line":20,"column":2},"end":{"line":25,"column":3}},"4":{"start":{"line":21,"column":4},"end":{"line":24,"column":6}},"5":{"start":{"line":26,"column":2},"end":{"line":31,"column":3}},"6":{"start":{"line":27,"column":4},"end":{"line":30,"column":6}},"7":{"start":{"line":33,"column":23},"end":{"line":33,"column":39}},"8":{"start":{"line":34,"column":2},"end":{"line":39,"column":3}},"9":{"start":{"line":35,"column":4},"end":{"line":38,"column":6}},"10":{"start":{"line":40,"column":2},"end":{"line":43,"column":4}},"11":{"start":{"line":56,"column":32},"end":{"line":97,"column":1}},"12":{"start":{"line":58,"column":2},"end":{"line":63,"column":3}},"13":{"start":{"line":59,"column":4},"end":{"line":62,"column":6}},"14":{"start":{"line":65,"column":2},"end":{"line":70,"column":3}},"15":{"start":{"line":66,"column":4},"end":{"line":69,"column":6}},"16":{"start":{"line":71,"column":2},"end":{"line":76,"column":3}},"17":{"start":{"line":72,"column":4},"end":{"line":75,"column":6}},"18":{"start":{"line":78,"column":20},"end":{"line":78,"column":45}},"19":{"start":{"line":79,"column":2},"end":{"line":84,"column":3}},"20":{"start":{"line":80,"column":4},"end":{"line":83,"column":6}},"21":{"start":{"line":86,"column":20},"end":{"line":86,"column":42}},"22":{"start":{"line":87,"column":2},"end":{"line":92,"column":3}},"23":{"start":{"line":88,"column":4},"end":{"line":91,"column":6}},"24":{"start":{"line":93,"column":2},"end":{"line":96,"column":4}}},"fnMap":{"0":{"name":"(anonymous_0)","decl":{"start":{"line":11,"column":32},"end":{"line":11,"column":33}},"loc":{"start":{"line":11,"column":46},"end":{"line":44,"column":1}},"line":11},"1":{"name":"(anonymous_1)","decl":{"start":{"line":56,"column":32},"end":{"line":56,"column":33}},"loc":{"start":{"line":56,"column":46},"end":{"line":97,"column":1}},"line":56}},"branchMap":{"0":{"loc":{"start":{"line":13,"column":2},"end":{"line":18,"column":3}},"type":"if","locations":[{"start":{"line":13,"column":2},"end":{"line":18,"column":3}},{"start":{},"end":{}}],"line":13},"1":{"loc":{"start":{"line":13,"column":6},"end":{"line":13,"column":47}},"type":"binary-expr","locations":[{"start":{"line":13,"column":6},"end":{"line":13,"column":15}},{"start":{"line":13,"column":19},"end":{"line":13,"column":47}}],"line":13},"2":{"loc":{"start":{"line":20,"column":2},"end":{"line":25,"column":3}},"type":"if","locations":[{"start":{"line":20,"column":2},"end":{"line":25,"column":3}},{"start":{},"end":{}}],"line":20},"3":{"loc":{"start":{"line":26,"column":2},"end":{"line":31,"column":3}},"type":"if","locations":[{"start":{"line":26,"column":2},"end":{"line":31,"column":3}},{"start":{},"end":{}}],"line":26},"4":{"loc":{"start":{"line":34,"column":2},"end":{"line":39,"column":3}},"type":"if","locations":[{"start":{"line":34,"column":2},"end":{"line":39,"column":3}},{"start":{},"end":{}}],"line":34},"5":{"loc":{"start":{"line":58,"column":2},"end":{"line":63,"column":3}},"type":"if","locations":[{"start":{"line":58,"column":2},"end":{"line":63,"column":3}},{"start":{},"end":{}}],"line":58},"6":{"loc":{"start":{"line":58,"column":6},"end":{"line":58,"column":40}},"type":"binary-expr","locations":[{"start":{"line":58,"column":6},"end":{"line":58,"column":15}},{"start":{"line":58,"column":19},"end":{"line":58,"column":40}}],"line":58},"7":{"loc":{"start":{"line":65,"column":2},"end":{"line":70,"column":3}},"type":"if","locations":[{"start":{"line":65,"column":2},"end":{"line":70,"column":3}},{"start":{},"end":{}}],"line":65},"8":{"loc":{"start":{"line":71,"column":2},"end":{"line":76,"column":3}},"type":"if","locations":[{"start":{"line":71,"column":2},"end":{"line":76,"column":3}},{"start":{},"end":{}}],"line":71},"9":{"loc":{"start":{"line":79,"column":2},"end":{"line":84,"column":3}},"type":"if","locations":[{"start":{"line":79,"column":2},"end":{"line":84,"column":3}},{"start":{},"end":{}}],"line":79},"10":{"loc":{"start":{"line":87,"column":2},"end":{"line":92,"column":3}},"type":"if","locations":[{"start":{"line":87,"column":2},"end":{"line":92,"column":3}},{"start":{},"end":{}}],"line":87}},"s":{"0":1,"1":18,"2":3,"3":15,"4":1,"5":14,"6":1,"7":13,"8":13,"9":4,"10":9,"11":1,"12":18,"13":3,"14":15,"15":1,"16":14,"17":1,"18":13,"19":13,"20":2,"21":11,"22":11,"23":2,"24":9},"f":{"0":18,"1":18},"b":{"0":[3,15],"1":[18,16],"2":[1,14],"3":[1,13],"4":[4,9],"5":[3,15],"6":[18,15],"7":[1,14],"8":[1,13],"9":[2,11],"10":[2,9]},"_coverageSchema":"1a1c01bbd47fc00a2c39e90264f33305004495a9","hash":"c41d57d081cd5d9744447cd3fb30f86b8ed124e8"}
,"D:\\Web\\KiemThuPhanMem\\Ktpm\\Software-Testing\\frontend\\src\\tests\\validateProduct.js": {"path":"D:\\Web\\KiemThuPhanMem\\Ktpm\\Software-Testing\\frontend\\src\\tests\\validateProduct.js","statementMap":{"0":{"start":{"line":1,"column":31},"end":{"line":66,"column":1}},"1":{"start":{"line":2,"column":17},"end":{"line":2,"column":19}},"2":{"start":{"line":5,"column":2},"end":{"line":11,"column":3}},"3":{"start":{"line":6,"column":4},"end":{"line":6,"column":53}},"4":{"start":{"line":7,"column":9},"end":{"line":11,"column":3}},"5":{"start":{"line":8,"column":4},"end":{"line":8,"column":57}},"6":{"start":{"line":9,"column":9},"end":{"line":11,"column":3}},"7":{"start":{"line":10,"column":4},"end":{"line":10,"column":63}},"8":{"start":{"line":14,"column":2},"end":{"line":27,"column":3}},"9":{"start":{"line":15,"column":4},"end":{"line":15,"column":54}},"10":{"start":{"line":17,"column":21},"end":{"line":17,"column":42}},"11":{"start":{"line":18,"column":4},"end":{"line":26,"column":5}},"12":{"start":{"line":19,"column":6},"end":{"line":19,"column":47}},"13":{"start":{"line":20,"column":11},"end":{"line":26,"column":5}},"14":{"start":{"line":21,"column":6},"end":{"line":21,"column":50}},"15":{"start":{"line":22,"column":11},"end":{"line":26,"column":5}},"16":{"start":{"line":23,"column":6},"end":{"line":23,"column":51}},"17":{"start":{"line":24,"column":11},"end":{"line":26,"column":5}},"18":{"start":{"line":25,"column":6},"end":{"line":25,"column":61}},"19":{"start":{"line":30,"column":2},"end":{"line":43,"column":3}},"20":{"start":{"line":31,"column":4},"end":{"line":31,"column":53}},"21":{"start":{"line":33,"column":24},"end":{"line":33,"column":48}},"22":{"start":{"line":34,"column":4},"end":{"line":42,"column":5}},"23":{"start":{"line":35,"column":6},"end":{"line":35,"column":46}},"24":{"start":{"line":36,"column":11},"end":{"line":42,"column":5}},"25":{"start":{"line":37,"column":6},"end":{"line":37,"column":53}},"26":{"start":{"line":38,"column":11},"end":{"line":42,"column":5}},"27":{"start":{"line":39,"column":6},"end":{"line":39,"column":49}},"28":{"start":{"line":40,"column":11},"end":{"line":42,"column":5}},"29":{"start":{"line":41,"column":6},"end":{"line":41,"column":61}},"30":{"start":{"line":46,"column":2},"end":{"line":52,"column":3}},"31":{"start":{"line":47,"column":4},"end":{"line":47,"column":53}},"32":{"start":{"line":48,"column":9},"end":{"line":52,"column":3}},"33":{"start":{"line":49,"column":4},"end":{"line":49,"column":58}},"34":{"start":{"line":50,"column":9},"end":{"line":52,"column":3}},"35":{"start":{"line":51,"column":4},"end":{"line":51,"column":63}},"36":{"start":{"line":55,"column":26},"end":{"line":55,"column":79}},"37":{"start":{"line":56,"column":2},"end":{"line":60,"column":3}},"38":{"start":{"line":57,"column":4},"end":{"line":57,"column":53}},"39":{"start":{"line":58,"column":9},"end":{"line":60,"column":3}},"40":{"start":{"line":59,"column":4},"end":{"line":59,"column":46}},"41":{"start":{"line":62,"column":2},"end":{"line":65,"column":4}}},"fnMap":{"0":{"name":"(anonymous_0)","decl":{"start":{"line":1,"column":31},"end":{"line":1,"column":32}},"loc":{"start":{"line":1,"column":44},"end":{"line":66,"column":1}},"line":1}},"branchMap":{"0":{"loc":{"start":{"line":5,"column":2},"end":{"line":11,"column":3}},"type":"if","locations":[{"start":{"line":5,"column":2},"end":{"line":11,"column":3}},{"start":{"line":7,"column":9},"end":{"line":11,"column":3}}],"line":5},"1":{"loc":{"start":{"line":5,"column":6},"end":{"line":5,"column":49}},"type":"binary-expr","locations":[{"start":{"line":5,"column":6},"end":{"line":5,"column":19}},{"start":{"line":5,"column":23},"end":{"line":5,"column":49}}],"line":5},"2":{"loc":{"start":{"line":7,"column":9},"end":{"line":11,"column":3}},"type":"if","locations":[{"start":{"line":7,"column":9},"end":{"line":11,"column":3}},{"start":{"line":9,"column":9},"end":{"line":11,"column":3}}],"line":7},"3":{"loc":{"start":{"line":9,"column":9},"end":{"line":11,"column":3}},"type":"if","locations":[{"start":{"line":9,"column":9},"end":{"line":11,"column":3}},{"start":{},"end":{}}],"line":9},"4":{"loc":{"start":{"line":14,"column":2},"end":{"line":27,"column":3}},"type":"if","locations":[{"start":{"line":14,"column":2},"end":{"line":27,"column":3}},{"start":{"line":16,"column":9},"end":{"line":27,"column":3}}],"line":14},"5":{"loc":{"start":{"line":14,"column":6},"end":{"line":14,"column":83}},"type":"binary-expr","locations":[{"start":{"line":14,"column":6},"end":{"line":14,"column":33}},{"start":{"line":14,"column":37},"end":{"line":14,"column":59}},{"start":{"line":14,"column":63},"end":{"line":14,"column":83}}],"line":14},"6":{"loc":{"start":{"line":18,"column":4},"end":{"line":26,"column":5}},"type":"if","locations":[{"start":{"line":18,"column":4},"end":{"line":26,"column":5}},{"start":{"line":20,"column":11},"end":{"line":26,"column":5}}],"line":18},"7":{"loc":{"start":{"line":20,"column":11},"end":{"line":26,"column":5}},"type":"if","locations":[{"start":{"line":20,"column":11},"end":{"line":26,"column":5}},{"start":{"line":22,"column":11},"end":{"line":26,"column":5}}],"line":20},"8":{"loc":{"start":{"line":22,"column":11},"end":{"line":26,"column":5}},"type":"if","locations":[{"start":{"line":22,"column":11},"end":{"line":26,"column":5}},{"start":{"line":24,"column":11},"end":{"line":26,"column":5}}],"line":22},"9":{"loc":{"start":{"line":24,"column":11},"end":{"line":26,"column":5}},"type":"if","locations":[{"start":{"line":24,"column":11},"end":{"line":26,"column":5}},{"start":{},"end":{}}],"line":24},"10":{"loc":{"start":{"line":30,"column":2},"end":{"line":43,"column":3}},"type":"if","locations":[{"start":{"line":30,"column":2},"end":{"line":43,"column":3}},{"start":{"line":32,"column":9},"end":{"line":43,"column":3}}],"line":30},"11":{"loc":{"start":{"line":30,"column":6},"end":{"line":30,"column":92}},"type":"binary-expr","locations":[{"start":{"line":30,"column":6},"end":{"line":30,"column":36}},{"start":{"line":30,"column":40},"end":{"line":30,"column":65}},{"start":{"line":30,"column":69},"end":{"line":30,"column":92}}],"line":30},"12":{"loc":{"start":{"line":34,"column":4},"end":{"line":42,"column":5}},"type":"if","locations":[{"start":{"line":34,"column":4},"end":{"line":42,"column":5}},{"start":{"line":36,"column":11},"end":{"line":42,"column":5}}],"line":34},"13":{"loc":{"start":{"line":36,"column":11},"end":{"line":42,"column":5}},"type":"if","locations":[{"start":{"line":36,"column":11},"end":{"line":42,"column":5}},{"start":{"line":38,"column":11},"end":{"line":42,"column":5}}],"line":36},"14":{"loc":{"start":{"line":38,"column":11},"end":{"line":42,"column":5}},"type":"if","locations":[{"start":{"line":38,"column":11},"end":{"line":42,"column":5}},{"start":{"line":40,"column":11},"end":{"line":42,"column":5}}],"line":38},"15":{"loc":{"start":{"line":40,"column":11},"end":{"line":42,"column":5}},"type":"if","locations":[{"start":{"line":40,"column":11},"end":{"line":42,"column":5}},{"start":{},"end":{}}],"line":40},"16":{"loc":{"start":{"line":46,"column":2},"end":{"line":52,"column":3}},"type":"if","locations":[{"start":{"line":46,"column":2},"end":{"line":52,"column":3}},{"start":{"line":48,"column":9},"end":{"line":52,"column":3}}],"line":46},"17":{"loc":{"start":{"line":46,"column":6},"end":{"line":46,"column":63}},"type":"binary-expr","locations":[{"start":{"line":46,"column":6},"end":{"line":46,"column":26}},{"start":{"line":46,"column":30},"end":{"line":46,"column":63}}],"line":46},"18":{"loc":{"start":{"line":48,"column":9},"end":{"line":52,"column":3}},"type":"if","locations":[{"start":{"line":48,"column":9},"end":{"line":52,"column":3}},{"start":{"line":50,"column":9},"end":{"line":52,"column":3}}],"line":48},"19":{"loc":{"start":{"line":50,"column":9},"end":{"line":52,"column":3}},"type":"if","locations":[{"start":{"line":50,"column":9},"end":{"line":52,"column":3}},{"start":{},"end":{}}],"line":50},"20":{"loc":{"start":{"line":56,"column":2},"end":{"line":60,"column":3}},"type":"if","locations":[{"start":{"line":56,"column":2},"end":{"line":60,"column":3}},{"start":{"line":58,"column":9},"end":{"line":60,"column":3}}],"line":56},"21":{"loc":{"start":{"line":56,"column":6},"end":{"line":56,"column":57}},"type":"binary-expr","locations":[{"start":{"line":56,"column":6},"end":{"line":56,"column":23}},{"start":{"line":56,"column":27},"end":{"line":56,"column":57}}],"line":56},"22":{"loc":{"start":{"line":58,"column":9},"end":{"line":60,"column":3}},"type":"if","locations":[{"start":{"line":58,"column":9},"end":{"line":60,"column":3}},{"start":{},"end":{}}],"line":58}},"s":{"0":1,"1":44,"2":44,"3":3,"4":41,"5":1,"6":40,"7":1,"8":44,"9":3,"10":41,"11":41,"12":1,"13":40,"14":2,"15":38,"16":1,"17":37,"18":1,"19":44,"20":3,"21":41,"22":41,"23":2,"24":39,"25":1,"26":38,"27":1,"28":37,"29":1,"30":44,"31":2,"32":42,"33":2,"34":40,"35":1,"36":44,"37":44,"38":3,"39":41,"40":1,"41":44},"f":{"0":44},"b":{"0":[3,41],"1":[44,42],"2":[1,40],"3":[1,39],"4":[3,41],"5":[44,43,42],"6":[1,40],"7":[2,38],"8":[1,37],"9":[1,36],"10":[3,41],"11":[44,43,42],"12":[2,39],"13":[1,38],"14":[1,37],"15":[1,36],"16":[2,42],"17":[44,43],"18":[2,40],"19":[1,39],"20":[3,41],"21":[44,42],"22":[1,40]},"_coverageSchema":"1a1c01bbd47fc00a2c39e90264f33305004495a9","hash":"dc193d236b00eec7d1a8510eb9bb407717692be5"}
}
