TN:
SF:src\tests\vailidation.js
FN:11,(anonymous_0)
FN:56,(anonymous_1)
FNF:2
FNH:2
FNDA:18,(anonymous_0)
FNDA:18,(anonymous_1)
DA:11,1
DA:13,18
DA:14,3
DA:20,15
DA:21,1
DA:26,14
DA:27,1
DA:33,13
DA:34,13
DA:35,4
DA:40,9
DA:56,1
DA:58,18
DA:59,3
DA:65,15
DA:66,1
DA:71,14
DA:72,1
DA:78,13
DA:79,13
DA:80,2
DA:86,11
DA:87,11
DA:88,2
DA:93,9
LF:25
LH:25
BRDA:13,0,0,3
BRDA:13,0,1,15
BRDA:13,1,0,18
BRDA:13,1,1,16
BRDA:20,2,0,1
BRDA:20,2,1,14
BRDA:26,3,0,1
BRDA:26,3,1,13
BRDA:34,4,0,4
BRDA:34,4,1,9
BRDA:58,5,0,3
BRDA:58,5,1,15
BRDA:58,6,0,18
BRDA:58,6,1,15
BRDA:65,7,0,1
BRDA:65,7,1,14
BRDA:71,8,0,1
BRDA:71,8,1,13
BRDA:79,9,0,2
BRDA:79,9,1,11
BRDA:87,10,0,2
BRDA:87,10,1,9
BRF:22
BRH:22
end_of_record
TN:
SF:src\tests\validateProduct.js
FN:1,(anonymous_0)
FNF:1
FNH:1
FNDA:44,(anonymous_0)
DA:1,1
DA:2,44
DA:5,44
DA:6,3
DA:7,41
DA:8,1
DA:9,40
DA:10,1
DA:14,44
DA:15,3
DA:17,41
DA:18,41
DA:19,1
DA:20,40
DA:21,2
DA:22,38
DA:23,1
DA:24,37
DA:25,1
DA:30,44
DA:31,3
DA:33,41
DA:34,41
DA:35,2
DA:36,39
DA:37,1
DA:38,38
DA:39,1
DA:40,37
DA:41,1
DA:46,44
DA:47,2
DA:48,42
DA:49,2
DA:50,40
DA:51,1
DA:55,44
DA:56,44
DA:57,3
DA:58,41
DA:59,1
DA:62,44
LF:42
LH:42
BRDA:5,0,0,3
BRDA:5,0,1,41
BRDA:5,1,0,44
BRDA:5,1,1,42
BRDA:7,2,0,1
BRDA:7,2,1,40
BRDA:9,3,0,1
BRDA:9,3,1,39
BRDA:14,4,0,3
BRDA:14,4,1,41
BRDA:14,5,0,44
BRDA:14,5,1,43
BRDA:14,5,2,42
BRDA:18,6,0,1
BRDA:18,6,1,40
BRDA:20,7,0,2
BRDA:20,7,1,38
BRDA:22,8,0,1
BRDA:22,8,1,37
BRDA:24,9,0,1
BRDA:24,9,1,36
BRDA:30,10,0,3
BRDA:30,10,1,41
BRDA:30,11,0,44
BRDA:30,11,1,43
BRDA:30,11,2,42
BRDA:34,12,0,2
BRDA:34,12,1,39
BRDA:36,13,0,1
BRDA:36,13,1,38
BRDA:38,14,0,1
BRDA:38,14,1,37
BRDA:40,15,0,1
BRDA:40,15,1,36
BRDA:46,16,0,2
BRDA:46,16,1,42
BRDA:46,17,0,44
BRDA:46,17,1,43
BRDA:48,18,0,2
BRDA:48,18,1,40
BRDA:50,19,0,1
BRDA:50,19,1,39
BRDA:56,20,0,3
BRDA:56,20,1,41
BRDA:56,21,0,44
BRDA:56,21,1,42
BRDA:58,22,0,1
BRDA:58,22,1,40
BRF:48
BRH:48
end_of_record
