TN:
SF:src\App.jsx
FN:5,App
FNF:1
FNH:0
FNDA:0,App
DA:7,0
LF:1
LH:0
BRF:0
BRH:0
end_of_record
TN:
SF:src\components\LoginForm.jsx
FN:5,LoginForm
FN:13,(anonymous_1)
FN:37,(anonymous_2)
FN:82,(anonymous_3)
FN:96,(anonymous_4)
FN:103,(anonymous_5)
FNF:6
FNH:6
FNDA:653,LoginForm
FNDA:33,(anonymous_1)
FNDA:12,(anonymous_2)
FNDA:232,(anonymous_3)
FNDA:325,(anonymous_4)
FNDA:1,(anonymous_5)
DA:6,653
DA:7,653
DA:8,653
DA:9,653
DA:10,653
DA:11,653
DA:13,653
DA:14,33
DA:15,33
DA:16,33
DA:18,33
DA:19,7
DA:20,7
DA:21,7
DA:24,26
DA:25,2
DA:26,2
DA:27,2
DA:30,24
DA:32,24
DA:33,17
DA:34,17
DA:35,17
DA:37,17
DA:38,12
DA:39,12
DA:40,12
DA:42,17
DA:45,0
DA:46,0
DA:48,7
DA:49,7
DA:53,653
DA:82,232
DA:96,325
DA:103,1
DA:176,2
LF:37
LH:35
BRDA:18,0,0,7
BRDA:18,0,1,26
BRDA:18,1,0,33
BRDA:18,1,1,27
BRDA:24,2,0,2
BRDA:24,2,1,24
BRDA:33,3,0,17
BRDA:33,3,1,0
BRDA:33,4,0,17
BRDA:33,4,1,17
BRDA:48,5,0,7
BRDA:48,5,1,0
BRDA:69,6,0,15
BRDA:69,6,1,638
BRDA:94,7,0,1
BRDA:94,7,1,637
BRDA:107,8,0,1
BRDA:107,8,1,637
BRDA:126,9,0,638
BRDA:126,9,1,23
BRDA:138,10,0,24
BRDA:138,10,1,614
BRDA:139,11,0,24
BRDA:139,11,1,614
BRDA:142,12,0,24
BRDA:142,12,1,614
BRF:26
BRH:24
end_of_record
TN:
SF:src\components\ProductManagement.jsx
FN:5,(anonymous_0)
FN:31,(anonymous_1)
FN:35,(anonymous_2)
FN:40,(anonymous_3)
FN:46,(anonymous_4)
FN:54,(anonymous_5)
FN:60,(anonymous_6)
FN:63,(anonymous_7)
FN:72,(anonymous_8)
FN:81,(anonymous_9)
FN:83,(anonymous_10)
FN:86,(anonymous_11)
FN:136,(anonymous_12)
FN:155,(anonymous_13)
FN:169,(anonymous_14)
FN:205,(anonymous_15)
FN:220,(anonymous_16)
FN:243,(anonymous_17)
FN:258,(anonymous_18)
FN:264,(anonymous_19)
FN:268,(anonymous_20)
FN:295,(anonymous_21)
FN:308,(anonymous_22)
FN:315,(anonymous_23)
FN:322,(anonymous_24)
FN:344,(anonymous_25)
FN:344,(anonymous_26)
FN:351,(anonymous_27)
FN:351,(anonymous_28)
FN:385,(anonymous_29)
FN:401,(anonymous_30)
FN:416,(anonymous_31)
FN:431,(anonymous_32)
FN:435,(anonymous_33)
FN:449,(anonymous_34)
FN:523,(anonymous_35)
FN:564,(anonymous_36)
FNF:37
FNH:9
FNDA:89,(anonymous_0)
FNDA:23,(anonymous_1)
FNDA:52,(anonymous_2)
FNDA:0,(anonymous_3)
FNDA:0,(anonymous_4)
FNDA:23,(anonymous_5)
FNDA:0,(anonymous_6)
FNDA:0,(anonymous_7)
FNDA:0,(anonymous_8)
FNDA:0,(anonymous_9)
FNDA:0,(anonymous_10)
FNDA:0,(anonymous_11)
FNDA:8,(anonymous_12)
FNDA:0,(anonymous_13)
FNDA:0,(anonymous_14)
FNDA:0,(anonymous_15)
FNDA:0,(anonymous_16)
FNDA:8,(anonymous_17)
FNDA:6,(anonymous_18)
FNDA:0,(anonymous_19)
FNDA:445,(anonymous_20)
FNDA:0,(anonymous_21)
FNDA:0,(anonymous_22)
FNDA:0,(anonymous_23)
FNDA:0,(anonymous_24)
FNDA:0,(anonymous_25)
FNDA:0,(anonymous_26)
FNDA:0,(anonymous_27)
FNDA:0,(anonymous_28)
FNDA:0,(anonymous_29)
FNDA:0,(anonymous_30)
FNDA:0,(anonymous_31)
FNDA:0,(anonymous_32)
FNDA:40,(anonymous_33)
FNDA:0,(anonymous_34)
FNDA:0,(anonymous_35)
FNDA:0,(anonymous_36)
DA:5,2
DA:6,89
DA:7,89
DA:8,89
DA:9,89
DA:10,89
DA:11,89
DA:12,89
DA:13,89
DA:14,89
DA:15,89
DA:16,89
DA:17,89
DA:19,89
DA:21,89
DA:29,89
DA:31,89
DA:32,23
DA:35,89
DA:37,52
DA:39,52
DA:40,6
DA:41,0
DA:45,52
DA:46,0
DA:49,52
DA:50,52
DA:54,89
DA:55,23
DA:57,23
DA:60,23
DA:63,23
DA:64,0
DA:65,0
DA:66,0
DA:68,0
DA:72,23
DA:74,0
DA:75,0
DA:81,89
DA:82,0
DA:83,0
DA:86,89
DA:87,0
DA:90,0
DA:91,0
DA:92,0
DA:93,0
DA:94,0
DA:95,0
DA:99,0
DA:100,0
DA:101,0
DA:102,0
DA:103,0
DA:104,0
DA:105,0
DA:106,0
DA:110,0
DA:111,0
DA:112,0
DA:113,0
DA:114,0
DA:115,0
DA:119,0
DA:120,0
DA:124,0
DA:125,0
DA:126,0
DA:127,0
DA:128,0
DA:129,0
DA:132,0
DA:133,0
DA:136,89
DA:137,8
DA:138,8
DA:139,8
DA:146,0
DA:147,0
DA:148,0
DA:149,0
DA:151,8
DA:152,8
DA:155,89
DA:156,0
DA:157,0
DA:158,0
DA:165,0
DA:169,89
DA:170,0
DA:171,0
DA:172,0
DA:175,0
DA:176,0
DA:177,0
DA:183,0
DA:184,0
DA:185,0
DA:186,0
DA:191,0
DA:192,0
DA:195,0
DA:196,0
DA:199,0
DA:200,0
DA:205,89
DA:206,0
DA:208,0
DA:209,0
DA:210,0
DA:211,0
DA:212,0
DA:215,0
DA:216,0
DA:220,89
DA:221,0
DA:222,0
DA:225,89
DA:226,89
DA:227,89
DA:229,89
DA:243,8
DA:258,6
DA:264,0
DA:269,445
DA:296,0
DA:308,0
DA:315,0
DA:322,0
DA:344,0
DA:351,0
DA:385,0
DA:401,0
DA:416,0
DA:431,0
DA:436,40
DA:449,0
DA:524,0
DA:525,0
DA:565,0
DA:566,0
LF:142
LH:51
BRDA:39,0,0,6
BRDA:39,0,1,46
BRDA:45,1,0,0
BRDA:45,1,1,52
BRDA:66,2,0,0
BRDA:66,2,1,0
BRDA:81,3,0,0
BRDA:90,4,0,0
BRDA:90,4,1,0
BRDA:90,5,0,0
BRDA:90,5,1,0
BRDA:92,6,0,0
BRDA:92,6,1,0
BRDA:94,7,0,0
BRDA:94,7,1,0
BRDA:99,8,0,0
BRDA:99,8,1,0
BRDA:99,9,0,0
BRDA:99,9,1,0
BRDA:99,9,2,0
BRDA:101,10,0,0
BRDA:101,10,1,0
BRDA:103,11,0,0
BRDA:103,11,1,0
BRDA:105,12,0,0
BRDA:105,12,1,0
BRDA:110,13,0,0
BRDA:110,13,1,0
BRDA:110,14,0,0
BRDA:110,14,1,0
BRDA:110,14,2,0
BRDA:112,15,0,0
BRDA:112,15,1,0
BRDA:114,16,0,0
BRDA:114,16,1,0
BRDA:119,17,0,0
BRDA:119,17,1,0
BRDA:124,18,0,0
BRDA:124,18,1,0
BRDA:124,19,0,0
BRDA:124,19,1,0
BRDA:126,20,0,0
BRDA:126,20,1,0
BRDA:128,21,0,0
BRDA:128,21,1,0
BRDA:136,22,0,8
BRDA:138,23,0,8
BRDA:138,23,1,0
BRDA:146,24,0,0
BRDA:146,24,1,0
BRDA:146,25,0,0
BRDA:146,25,1,0
BRDA:148,26,0,0
BRDA:148,26,1,0
BRDA:148,27,0,0
BRDA:148,27,1,0
BRDA:170,28,0,0
BRDA:170,28,1,0
BRDA:176,29,0,0
BRDA:176,29,1,0
BRDA:185,30,0,0
BRDA:185,30,1,0
BRDA:231,31,0,89
BRDA:231,31,1,0
BRDA:233,32,0,0
BRDA:233,32,1,0
BRDA:288,33,0,89
BRDA:288,33,1,0
BRDA:337,34,0,89
BRDA:337,34,1,0
BRDA:363,35,0,89
BRDA:363,35,1,8
BRDA:363,35,2,8
BRDA:369,36,0,8
BRDA:369,36,1,0
BRDA:386,37,0,0
BRDA:386,37,1,8
BRDA:389,38,0,8
BRDA:389,38,1,0
BRDA:402,39,0,0
BRDA:402,39,1,8
BRDA:405,40,0,8
BRDA:405,40,1,0
BRDA:417,41,0,0
BRDA:417,41,1,8
BRDA:420,42,0,8
BRDA:420,42,1,0
BRDA:432,43,0,0
BRDA:432,43,1,8
BRDA:439,44,0,8
BRDA:439,44,1,0
BRDA:451,45,0,0
BRDA:451,45,1,8
BRDA:454,46,0,8
BRDA:454,46,1,0
BRDA:463,47,0,8
BRDA:463,47,1,0
BRDA:477,48,0,89
BRDA:477,48,1,8
BRDA:477,48,2,0
BRDA:477,48,3,0
BRDA:543,49,0,89
BRDA:543,49,1,0
BRF:103
BRH:26
end_of_record
TN:
SF:src\services\authService.js
FN:8,(anonymous_0)
FN:37,(anonymous_1)
FN:61,(anonymous_2)
FN:82,(anonymous_3)
FN:100,(anonymous_4)
FNF:5
FNH:1
FNDA:2,(anonymous_0)
FNDA:0,(anonymous_1)
FNDA:0,(anonymous_2)
FNDA:0,(anonymous_3)
FNDA:0,(anonymous_4)
DA:8,2
DA:10,2
DA:11,0
DA:14,2
DA:15,2
DA:17,0
DA:20,2
DA:23,2
DA:37,2
DA:38,0
DA:39,0
DA:45,0
DA:46,0
DA:47,0
DA:50,0
DA:52,0
DA:61,2
DA:62,0
DA:63,0
DA:66,0
DA:67,0
DA:69,0
DA:71,0
DA:82,2
DA:83,0
DA:84,0
DA:90,0
DA:92,0
DA:100,2
DA:101,0
DA:102,0
DA:104,0
LF:32
LH:10
BRDA:10,0,0,0
BRDA:10,0,1,2
BRDA:10,1,0,2
BRDA:10,1,1,2
BRDA:10,1,2,2
BRDA:14,2,0,2
BRDA:14,2,1,0
BRDA:45,3,0,0
BRDA:45,3,1,0
BRDA:52,4,0,0
BRDA:52,4,1,0
BRDA:71,5,0,0
BRDA:71,5,1,0
BRDA:92,6,0,0
BRDA:92,6,1,0
BRDA:101,7,0,0
BRDA:101,7,1,0
BRF:17
BRH:5
end_of_record
TN:
SF:src\services\productService.js
FN:8,(anonymous_0)
FN:35,(anonymous_1)
FN:49,(anonymous_2)
FN:63,(anonymous_3)
FN:78,(anonymous_4)
FN:92,(anonymous_5)
FNF:6
FNH:1
FNDA:1,(anonymous_0)
FNDA:0,(anonymous_1)
FNDA:0,(anonymous_2)
FNDA:0,(anonymous_3)
FNDA:0,(anonymous_4)
FNDA:0,(anonymous_5)
DA:8,1
DA:10,1
DA:11,0
DA:14,1
DA:15,1
DA:17,0
DA:20,1
DA:23,1
DA:35,1
DA:36,0
DA:37,0
DA:38,0
DA:40,0
DA:49,1
DA:50,0
DA:51,0
DA:52,0
DA:54,0
DA:63,1
DA:64,0
DA:65,0
DA:66,0
DA:68,0
DA:78,1
DA:79,0
DA:80,0
DA:81,0
DA:83,0
DA:92,1
DA:93,0
DA:94,0
DA:95,0
DA:97,0
LF:33
LH:11
BRDA:10,0,0,0
BRDA:10,0,1,1
BRDA:10,1,0,1
BRDA:10,1,1,1
BRDA:10,1,2,1
BRDA:14,2,0,1
BRDA:14,2,1,0
BRDA:40,3,0,0
BRDA:40,3,1,0
BRDA:54,4,0,0
BRDA:54,4,1,0
BRDA:68,5,0,0
BRDA:68,5,1,0
BRDA:83,6,0,0
BRDA:83,6,1,0
BRDA:97,7,0,0
BRDA:97,7,1,0
BRF:17
BRH:5
end_of_record
TN:
SF:src\utils\vailidation.js
FN:11,(anonymous_0)
FN:56,(anonymous_1)
FNF:2
FNH:2
FNDA:18,(anonymous_0)
FNDA:18,(anonymous_1)
DA:11,1
DA:13,18
DA:14,3
DA:20,15
DA:21,1
DA:26,14
DA:27,1
DA:33,13
DA:34,13
DA:35,4
DA:40,9
DA:56,1
DA:58,18
DA:59,3
DA:65,15
DA:66,1
DA:71,14
DA:72,1
DA:78,13
DA:79,13
DA:80,2
DA:86,11
DA:87,11
DA:88,2
DA:93,9
LF:25
LH:25
BRDA:13,0,0,3
BRDA:13,0,1,15
BRDA:13,1,0,18
BRDA:13,1,1,16
BRDA:20,2,0,1
BRDA:20,2,1,14
BRDA:26,3,0,1
BRDA:26,3,1,13
BRDA:34,4,0,4
BRDA:34,4,1,9
BRDA:58,5,0,3
BRDA:58,5,1,15
BRDA:58,6,0,18
BRDA:58,6,1,15
BRDA:65,7,0,1
BRDA:65,7,1,14
BRDA:71,8,0,1
BRDA:71,8,1,13
BRDA:79,9,0,2
BRDA:79,9,1,11
BRDA:87,10,0,2
BRDA:87,10,1,9
BRF:22
BRH:22
end_of_record
TN:
SF:src\utils\validateProduct.js
FN:1,(anonymous_0)
FNF:1
FNH:1
FNDA:44,(anonymous_0)
DA:1,1
DA:2,44
DA:5,44
DA:6,3
DA:7,41
DA:8,1
DA:9,40
DA:10,1
DA:14,44
DA:15,3
DA:17,41
DA:18,41
DA:19,1
DA:20,40
DA:21,2
DA:22,38
DA:23,1
DA:24,37
DA:25,1
DA:30,44
DA:31,3
DA:33,41
DA:34,41
DA:35,2
DA:36,39
DA:37,1
DA:38,38
DA:39,1
DA:40,37
DA:41,1
DA:46,44
DA:47,2
DA:48,42
DA:49,2
DA:50,40
DA:51,1
DA:55,44
DA:56,44
DA:57,3
DA:58,41
DA:59,1
DA:62,44
LF:42
LH:42
BRDA:5,0,0,3
BRDA:5,0,1,41
BRDA:5,1,0,44
BRDA:5,1,1,42
BRDA:7,2,0,1
BRDA:7,2,1,40
BRDA:9,3,0,1
BRDA:9,3,1,39
BRDA:14,4,0,3
BRDA:14,4,1,41
BRDA:14,5,0,44
BRDA:14,5,1,43
BRDA:14,5,2,42
BRDA:18,6,0,1
BRDA:18,6,1,40
BRDA:20,7,0,2
BRDA:20,7,1,38
BRDA:22,8,0,1
BRDA:22,8,1,37
BRDA:24,9,0,1
BRDA:24,9,1,36
BRDA:30,10,0,3
BRDA:30,10,1,41
BRDA:30,11,0,44
BRDA:30,11,1,43
BRDA:30,11,2,42
BRDA:34,12,0,2
BRDA:34,12,1,39
BRDA:36,13,0,1
BRDA:36,13,1,38
BRDA:38,14,0,1
BRDA:38,14,1,37
BRDA:40,15,0,1
BRDA:40,15,1,36
BRDA:46,16,0,2
BRDA:46,16,1,42
BRDA:46,17,0,44
BRDA:46,17,1,43
BRDA:48,18,0,2
BRDA:48,18,1,40
BRDA:50,19,0,1
BRDA:50,19,1,39
BRDA:56,20,0,3
BRDA:56,20,1,41
BRDA:56,21,0,44
BRDA:56,21,1,42
BRDA:58,22,0,1
BRDA:58,22,1,40
BRF:48
BRH:48
end_of_record
